created virtual environment CPython3.10.2.final.0-64 in 377ms
  creator CPython3Posix(dest=/localscratch/daril.20493057.0/MYENV, clear=False, no_vcs_ignore=False, global=False)
  seeder FromAppData(download=False, pip=bundle, setuptools=bundle, wheel=bundle, via=copy, app_data_dir=/home/daril/.local/share/virtualenv)
    added seed packages: pip==23.0+computecanada, setuptools==68.0.0+computecanada, wheel==0.40.0+computecanada
  activators BashActivator,CShellActivator,FishActivator,NushellActivator,PowerShellActivator,PythonActivator
Looking in links: /cvmfs/soft.computecanada.ca/custom/python/wheelhouse/gentoo2020/avx2, /cvmfs/soft.computecanada.ca/custom/python/wheelhouse/gentoo/avx2, /cvmfs/soft.computecanada.ca/custom/python/wheelhouse/gentoo2020/generic, /cvmfs/soft.computecanada.ca/custom/python/wheelhouse/gentoo/generic, /cvmfs/soft.computecanada.ca/custom/python/wheelhouse/generic
Processing /cvmfs/soft.computecanada.ca/custom/python/wheelhouse/generic/tqdm-4.66.1+computecanada-py3-none-any.whl
Processing /cvmfs/soft.computecanada.ca/custom/python/wheelhouse/gentoo/avx2/torch-2.0.1+computecanada-cp310-cp310-linux_x86_64.whl
Processing /cvmfs/soft.computecanada.ca/custom/python/wheelhouse/gentoo/generic/scikit_learn-1.3.0+computecanada-cp310-cp310-linux_x86_64.whl
Processing /cvmfs/soft.computecanada.ca/custom/python/wheelhouse/generic/transformers-4.31.0+computecanada-py3-none-any.whl
Requirement already satisfied: sympy in /cvmfs/soft.computecanada.ca/easybuild/software/2020/avx2/Core/scipy-stack/2023a/lib/python3.10/site-packages (from torch->-r requirements.txt (line 2)) (1.11.1+computecanada)
Requirement already satisfied: typing-extensions in /cvmfs/soft.computecanada.ca/easybuild/software/2020/avx2/Core/scipy-stack/2023a/lib/python3.10/site-packages (from torch->-r requirements.txt (line 2)) (4.5.0+computecanada)
Processing /cvmfs/soft.computecanada.ca/custom/python/wheelhouse/generic/filelock-3.12.0+computecanada-py3-none-any.whl
Processing /cvmfs/soft.computecanada.ca/custom/python/wheelhouse/generic/networkx-3.1+computecanada-py3-none-any.whl
Requirement already satisfied: jinja2 in /cvmfs/soft.computecanada.ca/easybuild/software/2020/avx2/Core/scipy-stack/2023a/lib/python3.10/site-packages (from torch->-r requirements.txt (line 2)) (3.1.2+computecanada)
Processing /cvmfs/soft.computecanada.ca/custom/python/wheelhouse/generic/threadpoolctl-3.2.0+computecanada-py3-none-any.whl
Requirement already satisfied: numpy>=1.21 in /cvmfs/soft.computecanada.ca/easybuild/software/2020/avx2/Core/scipy-stack/2023a/lib/python3.10/site-packages (from scikit-learn->-r requirements.txt (line 3)) (1.24.2+computecanada)
Processing /cvmfs/soft.computecanada.ca/custom/python/wheelhouse/generic/joblib-1.3.2+computecanada-py3-none-any.whl
Requirement already satisfied: scipy>=1.5.0 in /cvmfs/soft.computecanada.ca/easybuild/software/2020/avx2/Core/scipy-stack/2023a/lib/python3.10/site-packages (from scikit-learn->-r requirements.txt (line 3)) (1.10.1+computecanada)
Requirement already satisfied: requests in /cvmfs/soft.computecanada.ca/easybuild/software/2020/avx2/Core/scipy-stack/2023a/lib/python3.10/site-packages (from transformers->-r requirements.txt (line 4)) (2.28.2+computecanada)
Requirement already satisfied: pyyaml>=5.1 in /cvmfs/soft.computecanada.ca/easybuild/software/2020/avx2/Core/scipy-stack/2023a/lib/python3.10/site-packages (from transformers->-r requirements.txt (line 4)) (6.0+computecanada)
Processing /cvmfs/soft.computecanada.ca/custom/python/wheelhouse/gentoo/generic/safetensors-0.3.3+computecanada-cp310-cp310-linux_x86_64.whl
Processing /cvmfs/soft.computecanada.ca/custom/python/wheelhouse/gentoo/generic/tokenizers-0.13.3+computecanada-cp310-cp310-linux_x86_64.whl
Requirement already satisfied: packaging>=20.0 in /cvmfs/soft.computecanada.ca/easybuild/software/2020/avx2/Core/ipykernel/2023a/lib/python3.10/site-packages (from transformers->-r requirements.txt (line 4)) (23.0+computecanada)
Processing /cvmfs/soft.computecanada.ca/custom/python/wheelhouse/generic/huggingface_hub-0.16.4+computecanada-py3-none-any.whl
Processing /cvmfs/soft.computecanada.ca/custom/python/wheelhouse/generic/regex-2023.8.8+computecanada-cp310-cp310-linux_x86_64.whl
Processing /cvmfs/soft.computecanada.ca/custom/python/wheelhouse/generic/fsspec-2023.6.0+computecanada-py3-none-any.whl
Requirement already satisfied: MarkupSafe>=2.0 in /cvmfs/soft.computecanada.ca/easybuild/software/2020/avx2/Core/scipy-stack/2023a/lib/python3.10/site-packages (from jinja2->torch->-r requirements.txt (line 2)) (2.1.2+computecanada)
Requirement already satisfied: certifi>=2017.4.17 in /cvmfs/soft.computecanada.ca/easybuild/software/2020/avx2/Core/scipy-stack/2023a/lib/python3.10/site-packages (from requests->transformers->-r requirements.txt (line 4)) (2022.12.7+computecanada)
Requirement already satisfied: urllib3<1.27,>=1.21.1 in /cvmfs/soft.computecanada.ca/easybuild/software/2020/avx2/Core/scipy-stack/2023a/lib/python3.10/site-packages (from requests->transformers->-r requirements.txt (line 4)) (1.26.14+computecanada)
Requirement already satisfied: idna<4,>=2.5 in /cvmfs/soft.computecanada.ca/easybuild/software/2020/avx2/Core/scipy-stack/2023a/lib/python3.10/site-packages (from requests->transformers->-r requirements.txt (line 4)) (3.4+computecanada)
Requirement already satisfied: charset-normalizer<4,>=2 in /cvmfs/soft.computecanada.ca/easybuild/software/2020/avx2/Core/scipy-stack/2023a/lib/python3.10/site-packages (from requests->transformers->-r requirements.txt (line 4)) (3.0.1+computecanada)
Requirement already satisfied: mpmath>=0.19 in /cvmfs/soft.computecanada.ca/easybuild/software/2020/avx2/Core/scipy-stack/2023a/lib/python3.10/site-packages (from sympy->torch->-r requirements.txt (line 2)) (1.2.1+computecanada)
Installing collected packages: tokenizers, safetensors, tqdm, threadpoolctl, regex, networkx, joblib, fsspec, filelock, torch, scikit-learn, huggingface-hub, transformers
Successfully installed filelock-3.12.0+computecanada fsspec-2023.6.0+computecanada huggingface-hub-0.16.4+computecanada joblib-1.3.2+computecanada networkx-3.1+computecanada regex-2023.8.8+computecanada safetensors-0.3.3+computecanada scikit-learn-1.3.0+computecanada threadpoolctl-3.2.0+computecanada tokenizers-0.13.3+computecanada torch-2.0.1+computecanada tqdm-4.66.1+computecanada transformers-4.31.0+computecanada
Package                            Version
---------------------------------- -----------------------
anyio                              3.6.2+computecanada
arff                               0.9+computecanada
argon2_cffi                        21.3.0+computecanada
argon2_cffi_bindings               21.2.0+computecanada
asttokens                          2.2.1+computecanada
async_generator                    1.10+computecanada
attrs                              22.2.0+computecanada
backcall                           0.2.0+computecanada
backports-abc                      0.5+computecanada
backports.shutil_get_terminal_size 1.0.0+computecanada
bcrypt                             4.0.1+computecanada
beautifulsoup4                     4.11.2+computecanada
bitstring                          4.0.1+computecanada
bleach                             6.0.0+computecanada
certifi                            2022.12.7+computecanada
cffi                               1.15.1+computecanada
chardet                            5.1.0+computecanada
charset_normalizer                 3.0.1+computecanada
comm                               0.1.2+computecanada
contourpy                          1.0.7+computecanada
cryptography                       39.0.1+computecanada
cycler                             0.11.0+computecanada
Cython                             0.29.33+computecanada
deap                               1.3.3+computecanada
debugpy                            1.6.6+computecanada
decorator                          5.1.1+computecanada
defusedxml                         0.7.1+computecanada
dnspython                          2.3.0+computecanada
ecdsa                              0.18.0+computecanada
entrypoints                        0.4+computecanada
executing                          1.2.0+computecanada
fastjsonschema                     2.16.2+computecanada
filelock                           3.12.0+computecanada
fonttools                          4.38.0+computecanada
fsspec                             2023.6.0+computecanada
funcsigs                           1.0.2+computecanada
huggingface_hub                    0.16.4+computecanada
idna                               3.4+computecanada
importlib_metadata                 5.2.0+computecanada
importlib_resources                5.12.0+computecanada
ipykernel                          6.21.2+computecanada
ipython                            8.10.0+computecanada
ipython_genutils                   0.2.0+computecanada
ipywidgets                         8.0.4+computecanada
jedi                               0.18.2+computecanada
Jinja2                             3.1.2+computecanada
joblib                             1.3.2+computecanada
jsonschema                         4.17.3+computecanada
jupyter_client                     8.0.3+computecanada
jupyter_core                       5.2.0+computecanada
jupyter_events                     0.6.3+computecanada
jupyter_server                     2.3.0+computecanada
jupyter_server_terminals           0.4.4+computecanada
jupyterlab_pygments                0.2.2+computecanada
jupyterlab_widgets                 3.0.5+computecanada
kiwisolver                         1.4.4+computecanada
lockfile                           0.12.2+computecanada
MarkupSafe                         2.1.2+computecanada
matplotlib                         3.7.0+computecanada
matplotlib_inline                  0.1.6+computecanada
mistune                            2.0.5+computecanada
mock                               5.0.1+computecanada
mpmath                             1.2.1+computecanada
nbclassic                          0.5.2+computecanada
nbclient                           0.7.2+computecanada
nbconvert                          7.2.9+computecanada
nbformat                           5.7.3+computecanada
nest_asyncio                       1.5.6+computecanada
netaddr                            0.8.0+computecanada
netifaces                          0.11.0+computecanada
networkx                           3.1+computecanada
nose                               1.3.7+computecanada
notebook                           6.5.2+computecanada
notebook_shim                      0.2.2+computecanada
numpy                              1.24.2+computecanada
packaging                          23.0+computecanada
pandas                             1.5.3+computecanada
pandocfilters                      1.5.0+computecanada
paramiko                           3.0.0+computecanada
parso                              0.8.3+computecanada
path                               16.6.0+computecanada
path.py                            12.5.0+computecanada
pathlib2                           2.3.7+computecanada
paycheck                           1.0.2+computecanada
pbr                                5.11.1+computecanada
pexpect                            4.8.0+computecanada
pickleshare                        0.7.5+computecanada
Pillow                             9.4.0+computecanada
pip                                23.0+computecanada
pkgutil_resolve_name               1.3.10+computecanada
platformdirs                       2.5.2+computecanada
prometheus_client                  0.16.0+computecanada
prompt_toolkit                     3.0.37+computecanada
psutil                             5.9.4+computecanada
ptyprocess                         0.7.0+computecanada
pure_eval                          0.2.2+computecanada
pycparser                          2.21+computecanada
Pygments                           2.14.0+computecanada
PyNaCl                             1.5.0+computecanada
pyparsing                          3.0.9+computecanada
pyrsistent                         0.19.3+computecanada
python-dateutil                    2.8.2+computecanada
python_json_logger                 2.0.7+computecanada
pytz                               2022.7.1+computecanada
PyYAML                             6.0+computecanada
pyzmq                              25.0.0+computecanada
regex                              2023.8.8+computecanada
requests                           2.28.2+computecanada
rfc3339_validator                  0.1.4+computecanada
rfc3986_validator                  0.1.1+computecanada
safetensors                        0.3.3+computecanada
scikit_learn                       1.3.0+computecanada
scipy                              1.10.1+computecanada
Send2Trash                         1.8.0+computecanada
setuptools                         68.0.0+computecanada
simplegeneric                      0.8.1+computecanada
singledispatch                     4.0.0+computecanada
six                                1.16.0+computecanada
sniffio                            1.3.0+computecanada
soupsieve                          2.4+computecanada
stack_data                         0.6.2+computecanada
sympy                              1.11.1+computecanada
terminado                          0.17.1+computecanada
testpath                           0.6.0+computecanada
threadpoolctl                      3.2.0+computecanada
tinycss2                           1.2.1+computecanada
tokenizers                         0.13.3+computecanada
torch                              2.0.1+computecanada
tornado                            6.2+computecanada
tqdm                               4.66.1+computecanada
traitlets                          5.9.0+computecanada
transformers                       4.31.0+computecanada
typing_extensions                  4.5.0+computecanada
urllib3                            1.26.14+computecanada
wcwidth                            0.2.6+computecanada
webencodings                       0.5.1+computecanada
websocket_client                   1.5.1+computecanada
wheel                              0.40.0+computecanada
widgetsnbextension                 4.0.5+computecanada
zipp                               3.14.0+computecanada
Data conversion to tensors...

[GPU0] Epoch 0 | Batchsize: 32 | Steps: 4688
[GPU0] Epoch 0 | Average loss: 4.569903420100033
  Validation Loss: 2.4015
Epoch 0 | Training checkpoint saved at /home/daril/scratch/data/trajcbert/models/model_saved_parallel_version_1_2_bs_32_20_epochs_without_context/checkpoints/checkpoint_epoch_0.pt
Epoch 0 | Best validation loss: 2.4014515006725254
[GPU0] Epoch 1 | Batchsize: 32 | Steps: 4688
[GPU0] Epoch 1 | Average loss: 2.2913140685968227
  Validation Loss: 1.4547
Epoch 1 | Training checkpoint saved at /home/daril/scratch/data/trajcbert/models/model_saved_parallel_version_1_2_bs_32_20_epochs_without_context/checkpoints/checkpoint_epoch_1.pt
Epoch 1 | Best validation loss: 1.4547240646867057
[GPU0] Epoch 2 | Batchsize: 32 | Steps: 4688
[GPU0] Epoch 2 | Average loss: 1.4386524117198922
  Validation Loss: 1.1396
Epoch 2 | Training checkpoint saved at /home/daril/scratch/data/trajcbert/models/model_saved_parallel_version_1_2_bs_32_20_epochs_without_context/checkpoints/checkpoint_epoch_2.pt
Epoch 2 | Best validation loss: 1.139595435149324
[GPU0] Epoch 3 | Batchsize: 32 | Steps: 4688
[GPU0] Epoch 3 | Average loss: 1.115412962889941
  Validation Loss: 0.9928
Epoch 3 | Training checkpoint saved at /home/daril/scratch/data/trajcbert/models/model_saved_parallel_version_1_2_bs_32_20_epochs_without_context/checkpoints/checkpoint_epoch_3.pt
Epoch 3 | Best validation loss: 0.9928247174480483
[GPU0] Epoch 4 | Batchsize: 32 | Steps: 4688
[GPU0] Epoch 4 | Average loss: 0.9349404817809424
  Validation Loss: 0.9018
Epoch 4 | Training checkpoint saved at /home/daril/scratch/data/trajcbert/models/model_saved_parallel_version_1_2_bs_32_20_epochs_without_context/checkpoints/checkpoint_epoch_4.pt
Epoch 4 | Best validation loss: 0.9017597750301211
[GPU0] Epoch 5 | Batchsize: 32 | Steps: 4688
[GPU0] Epoch 5 | Average loss: 0.8104534485240693
  Validation Loss: 0.8625
Epoch 5 | Training checkpoint saved at /home/daril/scratch/data/trajcbert/models/model_saved_parallel_version_1_2_bs_32_20_epochs_without_context/checkpoints/checkpoint_epoch_5.pt
Epoch 5 | Best validation loss: 0.8625244767102994
[GPU0] Epoch 6 | Batchsize: 32 | Steps: 4688
[GPU0] Epoch 6 | Average loss: 0.7313113910060236
  Validation Loss: 0.8316
Epoch 6 | Training checkpoint saved at /home/daril/scratch/data/trajcbert/models/model_saved_parallel_version_1_2_bs_32_20_epochs_without_context/checkpoints/checkpoint_epoch_6.pt
Epoch 6 | Best validation loss: 0.8315739164811751
[GPU0] Epoch 7 | Batchsize: 32 | Steps: 4688
[GPU0] Epoch 7 | Average loss: 0.6582615512547182
  Validation Loss: 0.8165
Epoch 7 | Training checkpoint saved at /home/daril/scratch/data/trajcbert/models/model_saved_parallel_version_1_2_bs_32_20_epochs_without_context/checkpoints/checkpoint_epoch_7.pt
Epoch 7 | Best validation loss: 0.8165302065857141
[GPU0] Epoch 8 | Batchsize: 32 | Steps: 4688
[GPU0] Epoch 8 | Average loss: 0.6016074497484739
  Validation Loss: 0.8073
Epoch 8 | Training checkpoint saved at /home/daril/scratch/data/trajcbert/models/model_saved_parallel_version_1_2_bs_32_20_epochs_without_context/checkpoints/checkpoint_epoch_8.pt
Epoch 8 | Best validation loss: 0.8073413805381865
[GPU0] Epoch 9 | Batchsize: 32 | Steps: 4688
[GPU0] Epoch 9 | Average loss: 0.5553266272034636
  Validation Loss: 0.8041
Epoch 9 | Training checkpoint saved at /home/daril/scratch/data/trajcbert/models/model_saved_parallel_version_1_2_bs_32_20_epochs_without_context/checkpoints/checkpoint_epoch_9.pt
Epoch 9 | Best validation loss: 0.8041491488963651
[GPU0] Epoch 10 | Batchsize: 32 | Steps: 4688
[GPU0] Epoch 10 | Average loss: 0.5174545129703886
  Validation Loss: 0.8159
[GPU0] Epoch 11 | Batchsize: 32 | Steps: 4688
[GPU0] Epoch 11 | Average loss: 0.4847002108422435
  Validation Loss: 0.8183
[GPU0] Epoch 12 | Batchsize: 32 | Steps: 4688
[GPU0] Epoch 12 | Average loss: 0.454435797783295
  Validation Loss: 0.8276
[GPU0] Epoch 13 | Batchsize: 32 | Steps: 4688
[GPU0] Epoch 13 | Average loss: 0.4292050340902632
  Validation Loss: 0.8401
[GPU0] Epoch 14 | Batchsize: 32 | Steps: 4688
[GPU0] Epoch 14 | Average loss: 0.40531108409655836
  Validation Loss: 0.8508
[GPU0] Epoch 15 | Batchsize: 32 | Steps: 4688
[GPU0] Epoch 15 | Average loss: 0.39170420833159264
  Validation Loss: 0.8633
[GPU0] Epoch 16 | Batchsize: 32 | Steps: 4688
[GPU0] Epoch 16 | Average loss: 0.3781162510544964
  Validation Loss: 0.8703
[GPU0] Epoch 17 | Batchsize: 32 | Steps: 4688
[GPU0] Epoch 17 | Average loss: 0.3661322386414067
  Validation Loss: 0.8787
[GPU0] Epoch 18 | Batchsize: 32 | Steps: 4688
[GPU0] Epoch 18 | Average loss: 0.355122047968355
  Validation Loss: 0.8835
[GPU0] Epoch 19 | Batchsize: 32 | Steps: 4688
[GPU0] Epoch 19 | Average loss: 0.3468435708125068
  Validation Loss: 0.8865
Data conversion to tensors...

[GPU2] Epoch 0 | Batchsize: 32 | Steps: 4688
[GPU2] Epoch 0 | Average loss: 4.569198664799078
[GPU2] Epoch 1 | Batchsize: 32 | Steps: 4688
[GPU2] Epoch 1 | Average loss: 1.7447728092874377
[GPU2] Epoch 2 | Batchsize: 32 | Steps: 4688
[GPU2] Epoch 2 | Average loss: 1.1381829591474333
[GPU2] Epoch 3 | Batchsize: 32 | Steps: 4688
[GPU2] Epoch 3 | Average loss: 0.8680620119547783
[GPU2] Epoch 4 | Batchsize: 32 | Steps: 4688
[GPU2] Epoch 4 | Average loss: 0.7129254894674384
[GPU2] Epoch 5 | Batchsize: 32 | Steps: 4688
[GPU2] Epoch 5 | Average loss: 0.6102533293522436
[GPU2] Epoch 6 | Batchsize: 32 | Steps: 4688
[GPU2] Epoch 6 | Average loss: 0.5171490637617306
[GPU2] Epoch 7 | Batchsize: 32 | Steps: 4688
[GPU2] Epoch 7 | Average loss: 0.4478276114022429
[GPU2] Epoch 8 | Batchsize: 32 | Steps: 4688
[GPU2] Epoch 8 | Average loss: 0.3925578381712056
[GPU2] Epoch 9 | Batchsize: 32 | Steps: 4688
[GPU2] Epoch 9 | Average loss: 0.3365164435152346
[GPU2] Epoch 10 | Batchsize: 32 | Steps: 4688
[GPU2] Epoch 10 | Average loss: 0.2932182949798423
[GPU2] Epoch 11 | Batchsize: 32 | Steps: 4688
[GPU2] Epoch 11 | Average loss: 0.25131254762795724
[GPU2] Epoch 12 | Batchsize: 32 | Steps: 4688
[GPU2] Epoch 12 | Average loss: 0.2202362239145461
[GPU2] Epoch 13 | Batchsize: 32 | Steps: 4688
[GPU2] Epoch 13 | Average loss: 0.1949638114688257
[GPU2] Epoch 14 | Batchsize: 32 | Steps: 4688
[GPU2] Epoch 14 | Average loss: 0.16944084940188162
[GPU2] Epoch 15 | Batchsize: 32 | Steps: 4688
[GPU2] Epoch 15 | Average loss: 0.1502038949082205
[GPU2] Epoch 16 | Batchsize: 32 | Steps: 4688
[GPU2] Epoch 16 | Average loss: 0.1327803140866122
[GPU2] Epoch 17 | Batchsize: 32 | Steps: 4688
[GPU2] Epoch 17 | Average loss: 0.11864294873136524
[GPU2] Epoch 18 | Batchsize: 32 | Steps: 4688
[GPU2] Epoch 18 | Average loss: 0.11117193017968648
[GPU2] Epoch 19 | Batchsize: 32 | Steps: 4688
[GPU2] Epoch 19 | Average loss: 0.1062120519295961
Data conversion to tensors...

[GPU1] Epoch 0 | Batchsize: 32 | Steps: 4688
[GPU1] Epoch 0 | Average loss: 4.558673485846548
[GPU1] Epoch 1 | Batchsize: 32 | Steps: 4688
[GPU1] Epoch 1 | Average loss: 1.7472298612290478
[GPU1] Epoch 2 | Batchsize: 32 | Steps: 4688
[GPU1] Epoch 2 | Average loss: 1.1349831193005318
[GPU1] Epoch 3 | Batchsize: 32 | Steps: 4688
[GPU1] Epoch 3 | Average loss: 0.8781581707966256
[GPU1] Epoch 4 | Batchsize: 32 | Steps: 4688
[GPU1] Epoch 4 | Average loss: 0.7166858813900233
[GPU1] Epoch 5 | Batchsize: 32 | Steps: 4688
[GPU1] Epoch 5 | Average loss: 0.6024943034342608
[GPU1] Epoch 6 | Batchsize: 32 | Steps: 4688
[GPU1] Epoch 6 | Average loss: 0.5212291142547268
[GPU1] Epoch 7 | Batchsize: 32 | Steps: 4688
[GPU1] Epoch 7 | Average loss: 0.4502198715931053
[GPU1] Epoch 8 | Batchsize: 32 | Steps: 4688
[GPU1] Epoch 8 | Average loss: 0.3845747422483359
[GPU1] Epoch 9 | Batchsize: 32 | Steps: 4688
[GPU1] Epoch 9 | Average loss: 0.33893721858786463
[GPU1] Epoch 10 | Batchsize: 32 | Steps: 4688
[GPU1] Epoch 10 | Average loss: 0.2933334198394161
[GPU1] Epoch 11 | Batchsize: 32 | Steps: 4688
[GPU1] Epoch 11 | Average loss: 0.2570226519585527
[GPU1] Epoch 12 | Batchsize: 32 | Steps: 4688
[GPU1] Epoch 12 | Average loss: 0.2204270892291419
[GPU1] Epoch 13 | Batchsize: 32 | Steps: 4688
[GPU1] Epoch 13 | Average loss: 0.1927090665681523
[GPU1] Epoch 14 | Batchsize: 32 | Steps: 4688
[GPU1] Epoch 14 | Average loss: 0.16949252992766708
[GPU1] Epoch 15 | Batchsize: 32 | Steps: 4688
[GPU1] Epoch 15 | Average loss: 0.15165536769915297
[GPU1] Epoch 16 | Batchsize: 32 | Steps: 4688
[GPU1] Epoch 16 | Average loss: 0.13582173774575929
[GPU1] Epoch 17 | Batchsize: 32 | Steps: 4688
[GPU1] Epoch 17 | Average loss: 0.12359267112591586
[GPU1] Epoch 18 | Batchsize: 32 | Steps: 4688
[GPU1] Epoch 18 | Average loss: 0.11294373369747106
[GPU1] Epoch 19 | Batchsize: 32 | Steps: 4688
[GPU1] Epoch 19 | Average loss: 0.1049474020609346
Data conversion to tensors...

[GPU3] Epoch 0 | Batchsize: 32 | Steps: 4688
[GPU3] Epoch 0 | Average loss: 4.564019933648077
[GPU3] Epoch 1 | Batchsize: 32 | Steps: 4688
[GPU3] Epoch 1 | Average loss: 1.7490652431209441
[GPU3] Epoch 2 | Batchsize: 32 | Steps: 4688
[GPU3] Epoch 2 | Average loss: 1.1332913229477182
[GPU3] Epoch 3 | Batchsize: 32 | Steps: 4688
[GPU3] Epoch 3 | Average loss: 0.8659880451743615
[GPU3] Epoch 4 | Batchsize: 32 | Steps: 4688
[GPU3] Epoch 4 | Average loss: 0.7151072563495449
[GPU3] Epoch 5 | Batchsize: 32 | Steps: 4688
[GPU3] Epoch 5 | Average loss: 0.6038404269248832
[GPU3] Epoch 6 | Batchsize: 32 | Steps: 4688
[GPU3] Epoch 6 | Average loss: 0.5145529966035368
[GPU3] Epoch 7 | Batchsize: 32 | Steps: 4688
[GPU3] Epoch 7 | Average loss: 0.4474315380291384
[GPU3] Epoch 8 | Batchsize: 32 | Steps: 4688
[GPU3] Epoch 8 | Average loss: 0.38849842878862734
[GPU3] Epoch 9 | Batchsize: 32 | Steps: 4688
[GPU3] Epoch 9 | Average loss: 0.33425172253626273
[GPU3] Epoch 10 | Batchsize: 32 | Steps: 4688
[GPU3] Epoch 10 | Average loss: 0.2899522312424931
[GPU3] Epoch 11 | Batchsize: 32 | Steps: 4688
[GPU3] Epoch 11 | Average loss: 0.25239691875696996
[GPU3] Epoch 12 | Batchsize: 32 | Steps: 4688
[GPU3] Epoch 12 | Average loss: 0.2209867610347397
[GPU3] Epoch 13 | Batchsize: 32 | Steps: 4688
[GPU3] Epoch 13 | Average loss: 0.1912688964671128
[GPU3] Epoch 14 | Batchsize: 32 | Steps: 4688
[GPU3] Epoch 14 | Average loss: 0.16859606802467506
[GPU3] Epoch 15 | Batchsize: 32 | Steps: 4688
[GPU3] Epoch 15 | Average loss: 0.14815552774622065
[GPU3] Epoch 16 | Batchsize: 32 | Steps: 4688
[GPU3] Epoch 16 | Average loss: 0.1331981635376741
[GPU3] Epoch 17 | Batchsize: 32 | Steps: 4688
[GPU3] Epoch 17 | Average loss: 0.12049149561164037
[GPU3] Epoch 18 | Batchsize: 32 | Steps: 4688
[GPU3] Epoch 18 | Average loss: 0.11191800461427241
[GPU3] Epoch 19 | Batchsize: 32 | Steps: 4688
[GPU3] Epoch 19 | Average loss: 0.10584755273726165
