created virtual environment CPython3.10.2.final.0-64 in 812ms
  creator CPython3Posix(dest=/localscratch/daril.20024137.0/MYENV, clear=False, no_vcs_ignore=False, global=False)
  seeder FromAppData(download=False, pip=bundle, setuptools=bundle, wheel=bundle, via=copy, app_data_dir=/home/daril/.local/share/virtualenv)
    added seed packages: pip==21.3.1, setuptools==60.2.0, wheel==0.37.1
  activators BashActivator,CShellActivator,FishActivator,NushellActivator,PowerShellActivator,PythonActivator
Looking in links: /cvmfs/soft.computecanada.ca/custom/python/wheelhouse/gentoo/avx2, /cvmfs/soft.computecanada.ca/custom/python/wheelhouse/gentoo/generic, /cvmfs/soft.computecanada.ca/custom/python/wheelhouse/generic
Processing /cvmfs/soft.computecanada.ca/custom/python/wheelhouse/generic/tqdm-4.65.0+computecanada-py3-none-any.whl
Processing /cvmfs/soft.computecanada.ca/custom/python/wheelhouse/gentoo/avx2/torch-2.0.1+computecanada-cp310-cp310-linux_x86_64.whl
Processing /cvmfs/soft.computecanada.ca/custom/python/wheelhouse/gentoo/generic/scikit_learn-1.3.0+computecanada-cp310-cp310-linux_x86_64.whl
Processing /cvmfs/soft.computecanada.ca/custom/python/wheelhouse/generic/transformers-4.31.0+computecanada-py3-none-any.whl
Processing /cvmfs/soft.computecanada.ca/custom/python/wheelhouse/generic/filelock-3.12.0+computecanada-py3-none-any.whl
Processing /cvmfs/soft.computecanada.ca/custom/python/wheelhouse/generic/networkx-3.1+computecanada-py3-none-any.whl
Requirement already satisfied: jinja2 in /cvmfs/soft.computecanada.ca/easybuild/software/2020/avx2/Core/scipy-stack/2023a/lib/python3.10/site-packages (from torch->-r requirements.txt (line 2)) (3.1.2+computecanada)
Requirement already satisfied: sympy in /cvmfs/soft.computecanada.ca/easybuild/software/2020/avx2/Core/scipy-stack/2023a/lib/python3.10/site-packages (from torch->-r requirements.txt (line 2)) (1.11.1+computecanada)
Requirement already satisfied: typing-extensions in /cvmfs/soft.computecanada.ca/easybuild/software/2020/avx2/Core/scipy-stack/2023a/lib/python3.10/site-packages (from torch->-r requirements.txt (line 2)) (4.5.0+computecanada)
Processing /cvmfs/soft.computecanada.ca/custom/python/wheelhouse/generic/joblib-1.3.1+computecanada-py3-none-any.whl
Requirement already satisfied: scipy>=1.5.0 in /cvmfs/soft.computecanada.ca/easybuild/software/2020/avx2/Core/scipy-stack/2023a/lib/python3.10/site-packages (from scikit-learn->-r requirements.txt (line 3)) (1.10.1+computecanada)
Requirement already satisfied: numpy>=1.21 in /cvmfs/soft.computecanada.ca/easybuild/software/2020/avx2/Core/scipy-stack/2023a/lib/python3.10/site-packages (from scikit-learn->-r requirements.txt (line 3)) (1.24.2+computecanada)
Processing /cvmfs/soft.computecanada.ca/custom/python/wheelhouse/generic/threadpoolctl-3.2.0+computecanada-py3-none-any.whl
Processing /cvmfs/soft.computecanada.ca/custom/python/wheelhouse/gentoo/generic/safetensors-0.3.1+computecanada-cp310-cp310-linux_x86_64.whl
Processing /cvmfs/soft.computecanada.ca/custom/python/wheelhouse/generic/huggingface_hub-0.16.4+computecanada-py3-none-any.whl
Requirement already satisfied: pyyaml>=5.1 in /cvmfs/soft.computecanada.ca/easybuild/software/2020/avx2/Core/scipy-stack/2023a/lib/python3.10/site-packages (from transformers->-r requirements.txt (line 4)) (6.0+computecanada)
Requirement already satisfied: packaging>=20.0 in /cvmfs/soft.computecanada.ca/easybuild/software/2020/avx2/Core/ipykernel/2023a/lib/python3.10/site-packages (from transformers->-r requirements.txt (line 4)) (23.0+computecanada)
Requirement already satisfied: requests in /cvmfs/soft.computecanada.ca/easybuild/software/2020/avx2/Core/scipy-stack/2023a/lib/python3.10/site-packages (from transformers->-r requirements.txt (line 4)) (2.28.2+computecanada)
Processing /cvmfs/soft.computecanada.ca/custom/python/wheelhouse/gentoo/generic/tokenizers-0.13.3+computecanada-cp310-cp310-linux_x86_64.whl
Processing /cvmfs/soft.computecanada.ca/custom/python/wheelhouse/generic/regex-2022.10.31+computecanada-cp310-cp310-linux_x86_64.whl
Processing /cvmfs/soft.computecanada.ca/custom/python/wheelhouse/generic/fsspec-2023.6.0+computecanada-py3-none-any.whl
Requirement already satisfied: MarkupSafe>=2.0 in /cvmfs/soft.computecanada.ca/easybuild/software/2020/avx2/Core/scipy-stack/2023a/lib/python3.10/site-packages (from jinja2->torch->-r requirements.txt (line 2)) (2.1.2+computecanada)
Requirement already satisfied: urllib3<1.27,>=1.21.1 in /cvmfs/soft.computecanada.ca/easybuild/software/2020/avx2/Core/scipy-stack/2023a/lib/python3.10/site-packages (from requests->transformers->-r requirements.txt (line 4)) (1.26.14+computecanada)
Requirement already satisfied: charset-normalizer<4,>=2 in /cvmfs/soft.computecanada.ca/easybuild/software/2020/avx2/Core/scipy-stack/2023a/lib/python3.10/site-packages (from requests->transformers->-r requirements.txt (line 4)) (3.0.1+computecanada)
Requirement already satisfied: idna<4,>=2.5 in /cvmfs/soft.computecanada.ca/easybuild/software/2020/avx2/Core/scipy-stack/2023a/lib/python3.10/site-packages (from requests->transformers->-r requirements.txt (line 4)) (3.4+computecanada)
Requirement already satisfied: certifi>=2017.4.17 in /cvmfs/soft.computecanada.ca/easybuild/software/2020/avx2/Core/scipy-stack/2023a/lib/python3.10/site-packages (from requests->transformers->-r requirements.txt (line 4)) (2022.12.7+computecanada)
Requirement already satisfied: mpmath>=0.19 in /cvmfs/soft.computecanada.ca/easybuild/software/2020/avx2/Core/scipy-stack/2023a/lib/python3.10/site-packages (from sympy->torch->-r requirements.txt (line 2)) (1.2.1+computecanada)
Installing collected packages: tqdm, fsspec, filelock, tokenizers, threadpoolctl, safetensors, regex, networkx, joblib, huggingface-hub, transformers, torch, scikit-learn
Successfully installed filelock-3.12.0+computecanada fsspec-2023.6.0+computecanada huggingface-hub-0.16.4+computecanada joblib-1.3.1+computecanada networkx-3.1+computecanada regex-2022.10.31+computecanada safetensors-0.3.1+computecanada scikit-learn-1.3.0+computecanada threadpoolctl-3.2.0+computecanada tokenizers-0.13.3+computecanada torch-2.0.1+computecanada tqdm-4.65.0+computecanada transformers-4.31.0+computecanada
Package                            Version
---------------------------------- ------------------------
anyio                              3.6.2+computecanada
arff                               0.9+computecanada
argon2_cffi                        21.3.0+computecanada
argon2_cffi_bindings               21.2.0+computecanada
asttokens                          2.2.1+computecanada
async_generator                    1.10+computecanada
attrs                              22.2.0+computecanada
backcall                           0.2.0+computecanada
backports-abc                      0.5+computecanada
backports.shutil_get_terminal_size 1.0.0+computecanada
bcrypt                             4.0.1+computecanada
beautifulsoup4                     4.11.2+computecanada
bitstring                          4.0.1+computecanada
bleach                             6.0.0+computecanada
certifi                            2022.12.7+computecanada
cffi                               1.15.1+computecanada
chardet                            5.1.0+computecanada
charset_normalizer                 3.0.1+computecanada
comm                               0.1.2+computecanada
contourpy                          1.0.7+computecanada
cryptography                       39.0.1+computecanada
cycler                             0.11.0+computecanada
Cython                             0.29.33+computecanada
deap                               1.3.3+computecanada
debugpy                            1.6.6+computecanada
decorator                          5.1.1+computecanada
defusedxml                         0.7.1+computecanada
dnspython                          2.3.0+computecanada
ecdsa                              0.18.0+computecanada
entrypoints                        0.4+computecanada
executing                          1.2.0+computecanada
fastjsonschema                     2.16.2+computecanada
filelock                           3.12.0+computecanada
fonttools                          4.38.0+computecanada
fsspec                             2023.6.0+computecanada
funcsigs                           1.0.2+computecanada
huggingface_hub                    0.16.4+computecanada
idna                               3.4+computecanada
importlib_metadata                 5.2.0+computecanada
importlib_resources                5.12.0+computecanada
ipykernel                          6.21.2+computecanada
ipython                            8.10.0+computecanada
ipython_genutils                   0.2.0+computecanada
ipywidgets                         8.0.4+computecanada
jedi                               0.18.2+computecanada
Jinja2                             3.1.2+computecanada
joblib                             1.3.1+computecanada
jsonschema                         4.17.3+computecanada
jupyter_client                     8.0.3+computecanada
jupyter_core                       5.2.0+computecanada
jupyter_events                     0.6.3+computecanada
jupyter_server                     2.3.0+computecanada
jupyter_server_terminals           0.4.4+computecanada
jupyterlab_pygments                0.2.2+computecanada
jupyterlab_widgets                 3.0.5+computecanada
kiwisolver                         1.4.4+computecanada
lockfile                           0.12.2+computecanada
MarkupSafe                         2.1.2+computecanada
matplotlib                         3.7.0+computecanada
matplotlib_inline                  0.1.6+computecanada
mistune                            2.0.5+computecanada
mock                               5.0.1+computecanada
mpmath                             1.2.1+computecanada
nbclassic                          0.5.2+computecanada
nbclient                           0.7.2+computecanada
nbconvert                          7.2.9+computecanada
nbformat                           5.7.3+computecanada
nest_asyncio                       1.5.6+computecanada
netaddr                            0.8.0+computecanada
netifaces                          0.11.0+computecanada
networkx                           3.1+computecanada
nose                               1.3.7+computecanada
notebook                           6.5.2+computecanada
notebook_shim                      0.2.2+computecanada
numpy                              1.24.2+computecanada
packaging                          23.0+computecanada
pandas                             1.5.3+computecanada
pandocfilters                      1.5.0+computecanada
paramiko                           3.0.0+computecanada
parso                              0.8.3+computecanada
path                               16.6.0+computecanada
path.py                            12.5.0+computecanada
pathlib2                           2.3.7+computecanada
paycheck                           1.0.2+computecanada
pbr                                5.11.1+computecanada
pexpect                            4.8.0+computecanada
pickleshare                        0.7.5+computecanada
Pillow                             9.4.0+computecanada
pip                                21.3.1
pkgutil_resolve_name               1.3.10+computecanada
platformdirs                       2.5.2+computecanada
prometheus_client                  0.16.0+computecanada
prompt_toolkit                     3.0.37+computecanada
psutil                             5.9.4+computecanada
ptyprocess                         0.7.0+computecanada
pure_eval                          0.2.2+computecanada
pycparser                          2.21+computecanada
Pygments                           2.14.0+computecanada
PyNaCl                             1.5.0+computecanada
pyparsing                          3.0.9+computecanada
pyrsistent                         0.19.3+computecanada
python-dateutil                    2.8.2+computecanada
python_json_logger                 2.0.7+computecanada
pytz                               2022.7.1+computecanada
PyYAML                             6.0+computecanada
pyzmq                              25.0.0+computecanada
regex                              2022.10.31+computecanada
requests                           2.28.2+computecanada
rfc3339_validator                  0.1.4+computecanada
rfc3986_validator                  0.1.1+computecanada
safetensors                        0.3.1+computecanada
scikit_learn                       1.3.0+computecanada
scipy                              1.10.1+computecanada
Send2Trash                         1.8.0+computecanada
setuptools                         60.2.0
simplegeneric                      0.8.1+computecanada
singledispatch                     4.0.0+computecanada
six                                1.16.0+computecanada
sniffio                            1.3.0+computecanada
soupsieve                          2.4+computecanada
stack_data                         0.6.2+computecanada
sympy                              1.11.1+computecanada
terminado                          0.17.1+computecanada
testpath                           0.6.0+computecanada
threadpoolctl                      3.2.0+computecanada
tinycss2                           1.2.1+computecanada
tokenizers                         0.13.3+computecanada
torch                              2.0.1+computecanada
tornado                            6.2+computecanada
tqdm                               4.65.0+computecanada
traitlets                          5.9.0+computecanada
transformers                       4.31.0+computecanada
typing_extensions                  4.5.0+computecanada
urllib3                            1.26.14+computecanada
wcwidth                            0.2.6+computecanada
webencodings                       0.5.1+computecanada
websocket_client                   1.5.1+computecanada
wheel                              0.37.1
widgetsnbextension                 4.0.5+computecanada
zipp                               3.14.0+computecanada
Data conversion to tensors...

[GPU0] Epoch 0 | Batchsize: 32 | Steps: 18752
[GPU0] Epoch 0 | Average loss: 3.148750286633562
  Validation Loss: 1.4824
Epoch 0 | Training checkpoint saved at /home/daril/scratch/data/trajcbert/models/model_saved_parallel_version_1_2_10_epochs/checkpoints/checkpoint_epoch_0.pt
Epoch 0 | Best validation loss: 1.482389222780482
[GPU0] Epoch 1 | Batchsize: 32 | Steps: 18752
[GPU0] Epoch 1 | Average loss: 1.3443663346600232
  Validation Loss: 1.1191
Epoch 1 | Training checkpoint saved at /home/daril/scratch/data/trajcbert/models/model_saved_parallel_version_1_2_10_epochs/checkpoints/checkpoint_epoch_1.pt
Epoch 1 | Best validation loss: 1.1191196487626622
[GPU0] Epoch 2 | Batchsize: 32 | Steps: 18752
[GPU0] Epoch 2 | Average loss: 1.0118668145756793
  Validation Loss: 0.9735
Epoch 2 | Training checkpoint saved at /home/daril/scratch/data/trajcbert/models/model_saved_parallel_version_1_2_10_epochs/checkpoints/checkpoint_epoch_2.pt
Epoch 2 | Best validation loss: 0.973520432482697
[GPU0] Epoch 3 | Batchsize: 32 | Steps: 18752
[GPU0] Epoch 3 | Average loss: 0.8631547920666309
  Validation Loss: 0.9071
Epoch 3 | Training checkpoint saved at /home/daril/scratch/data/trajcbert/models/model_saved_parallel_version_1_2_10_epochs/checkpoints/checkpoint_epoch_3.pt
Epoch 3 | Best validation loss: 0.9070841338549832
[GPU0] Epoch 4 | Batchsize: 32 | Steps: 18752
[GPU0] Epoch 4 | Average loss: 0.7675499668072292
  Validation Loss: 0.8600
Epoch 4 | Training checkpoint saved at /home/daril/scratch/data/trajcbert/models/model_saved_parallel_version_1_2_10_epochs/checkpoints/checkpoint_epoch_4.pt
Epoch 4 | Best validation loss: 0.8599778248172346
[GPU0] Epoch 5 | Batchsize: 32 | Steps: 18752
[GPU0] Epoch 5 | Average loss: 0.696143184491676
  Validation Loss: 0.8381
Epoch 5 | Training checkpoint saved at /home/daril/scratch/data/trajcbert/models/model_saved_parallel_version_1_2_10_epochs/checkpoints/checkpoint_epoch_5.pt
Epoch 5 | Best validation loss: 0.8380953743803581
[GPU0] Epoch 6 | Batchsize: 32 | Steps: 18752
[GPU0] Epoch 6 | Average loss: 0.6394184998235802
  Validation Loss: 0.8204
Epoch 6 | Training checkpoint saved at /home/daril/scratch/data/trajcbert/models/model_saved_parallel_version_1_2_10_epochs/checkpoints/checkpoint_epoch_6.pt
Epoch 6 | Best validation loss: 0.8203562004223551
[GPU0] Epoch 7 | Batchsize: 32 | Steps: 18752
[GPU0] Epoch 7 | Average loss: 0.5913196484347306
  Validation Loss: 0.8152
Epoch 7 | Training checkpoint saved at /home/daril/scratch/data/trajcbert/models/model_saved_parallel_version_1_2_10_epochs/checkpoints/checkpoint_epoch_7.pt
Epoch 7 | Best validation loss: 0.8152381718130121
[GPU0] Epoch 8 | Batchsize: 32 | Steps: 18752
[GPU0] Epoch 8 | Average loss: 0.5535961973994655
  Validation Loss: 0.8093
Epoch 8 | Training checkpoint saved at /home/daril/scratch/data/trajcbert/models/model_saved_parallel_version_1_2_10_epochs/checkpoints/checkpoint_epoch_8.pt
Epoch 8 | Best validation loss: 0.8092880431641315
[GPU0] Epoch 9 | Batchsize: 32 | Steps: 18752
[GPU0] Epoch 9 | Average loss: 0.5255810080039308
  Validation Loss: 0.8106
