Package             Version
------------------- ----------------------
autopep8            1.4.4
backports           1.0
certifi             2019.11.28
cffi                1.14.0
chardet             3.0.4
colorama            0.4.3
commonmark          0.9.1
contextlib2         0.6.0
cracklib            2.9.7
cryptography        2.8
Cython              0.29.15
docutils            0.16
entrypoints         0.3
file-magic          0.4.0
filelock            3.12.0+computecanada
fsspec              2023.1.0+computecanada
gdbus_codegen       2.62.6
gentoolkit          0.4.8
gitdb               4.0.4
GitPython           3.1.1
gpg                 1.13.0
HelperSDT           0.1.0
huggingface_hub     0.15.1+computecanada
idna                2.8
importlib-metadata  1.4.0
keyring             19.3.0
lxml                4.5.0
lz4                 2.1.6
Mako                1.1.2
MarkupSafe          1.1.1
meson               0.55.0
more-itertools      5.0.0
netifaces           0.10.9
netlink             1.0
numpy               1.21.4+computecanada
olefile             0.46
packaging           23.1+computecanada
pathlib2            2.3.5
pfl                 3.0.1
Pillow              7.0.0
pip                 23.0+computecanada
pkgconfig           1.5.0
ply                 3.11
portage             2.3.99
pycairo             1.18.2
pycodestyle         2.5.0
pycparser           2.20
pycryptodome        3.9.4
pyelftools          0.25
Pygments            2.5.2
PyGObject           3.34.0
pylibacl            0.5.4
PyOpenGL            3.1.0
PyOpenGL-accelerate 3.1.0
pyOpenSSL           19.1.0
pyproject2setuppy   9
PySocks             1.7.1
python-lzo          1.12
pyxattr             0.7.1
PyYAML              5.3.1
rdiff-backup        2.0.0
regex               2021.7.6+computecanada
rencode             1.0.5
repoman             2.3.22
requests            2.23.0
rich                10.13.0
scandir             1.10.0
scons               3.1.2
SecretStorage       2.3.1
selinux             3.0
setuptools          41.2.0
setuptools-scm      3.5.0
six                 1.14.0
smmap               3.0.2
ssl-fetch           0.4
tokenizers          0.11.1+computecanada
toml                0.10.0
tqdm                4.65.0+computecanada
transformers        4.29.2+computecanada
typing_extensions   4.5.0+computecanada
urllib3             1.25.8
websockify          0.9.0
xpra                3.0.2
zipp                1.0.0
zstandard           0.12.0
Looking in links: /cvmfs/soft.computecanada.ca/custom/python/wheelhouse/gentoo/avx512, /cvmfs/soft.computecanada.ca/custom/python/wheelhouse/gentoo/avx2, /cvmfs/soft.computecanada.ca/custom/python/wheelhouse/gentoo/generic, /cvmfs/soft.computecanada.ca/custom/python/wheelhouse/generic
Requirement already satisfied: transformers in ./venv/lib/python3.7/site-packages (4.29.2+computecanada)
Requirement already satisfied: requests in /cvmfs/soft.computecanada.ca/gentoo/2020/usr/lib64/python3.7/site-packages (from transformers) (2.23.0)
Requirement already satisfied: regex!=2019.12.17 in ./venv/lib/python3.7/site-packages (from transformers) (2021.7.6+computecanada)
Requirement already satisfied: huggingface-hub<1.0,>=0.14.1 in ./venv/lib/python3.7/site-packages (from transformers) (0.15.1+computecanada)
Requirement already satisfied: tqdm>=4.27 in ./venv/lib/python3.7/site-packages (from transformers) (4.65.0+computecanada)
Requirement already satisfied: tokenizers!=0.11.3,<0.14,>=0.11.1 in ./venv/lib/python3.7/site-packages (from transformers) (0.11.1+computecanada)
Requirement already satisfied: filelock in ./venv/lib/python3.7/site-packages (from transformers) (3.12.0+computecanada)
Requirement already satisfied: importlib-metadata in /cvmfs/soft.computecanada.ca/gentoo/2020/usr/lib64/python3.7/site-packages (from transformers) (1.4.0)
Requirement already satisfied: pyyaml>=5.1 in /cvmfs/soft.computecanada.ca/gentoo/2020/usr/lib64/python3.7/site-packages (from transformers) (5.3.1)
Requirement already satisfied: numpy>=1.17 in ./venv/lib/python3.7/site-packages (from transformers) (1.21.4+computecanada)
Requirement already satisfied: packaging>=20.0 in ./venv/lib/python3.7/site-packages (from transformers) (23.1+computecanada)
Requirement already satisfied: fsspec in ./venv/lib/python3.7/site-packages (from huggingface-hub<1.0,>=0.14.1->transformers) (2023.1.0+computecanada)
Requirement already satisfied: typing-extensions>=3.7.4.3 in ./venv/lib/python3.7/site-packages (from huggingface-hub<1.0,>=0.14.1->transformers) (4.5.0+computecanada)
Requirement already satisfied: zipp>=0.5 in /cvmfs/soft.computecanada.ca/gentoo/2020/usr/lib64/python3.7/site-packages (from importlib-metadata->transformers) (1.0.0)
Requirement already satisfied: chardet<4,>=3.0.2 in /cvmfs/soft.computecanada.ca/gentoo/2020/usr/lib64/python3.7/site-packages (from requests->transformers) (3.0.4)
Requirement already satisfied: idna<3,>=2.5 in /cvmfs/soft.computecanada.ca/gentoo/2020/usr/lib64/python3.7/site-packages (from requests->transformers) (2.8)
Requirement already satisfied: urllib3!=1.25.0,!=1.25.1,<1.26,>=1.21.1 in /cvmfs/soft.computecanada.ca/gentoo/2020/usr/lib64/python3.7/site-packages (from requests->transformers) (1.25.8)
Requirement already satisfied: certifi>=2017.4.17 in /cvmfs/soft.computecanada.ca/gentoo/2020/usr/lib64/python3.7/site-packages (from requests->transformers) (2019.11.28)
Requirement already satisfied: more_itertools in /cvmfs/soft.computecanada.ca/gentoo/2020/usr/lib64/python3.7/site-packages (from zipp>=0.5->importlib-metadata->transformers) (5.0.0)
Requirement already satisfied: six<2.0.0,>=1.0.0 in /cvmfs/soft.computecanada.ca/gentoo/2020/usr/lib64/python3.7/site-packages (from more_itertools->zipp>=0.5->importlib-metadata->transformers) (1.14.0)
data.json
error.log
model.py
output.log
requirements.txt
run_model.sh
venv
/home/nkambou/trajcbert/computing_code
0.5079301302381086
{'text': {'type': 'mrkdwn', 'text': 'A new request has been submitted for *<fakeLink.toEmployeeProfile.com|Fred Enriquez - New device request>*'}}
