WARNING: Retrying (Retry(total=4, connect=None, read=None, redirect=None, status=None)) after connection broken by 'NewConnectionError('<pip._vendor.urllib3.connection.HTTPSConnection object at 0x2b21ee707d00>: Failed to establish a new connection: [Errno 101] Network is unreachable')': /simple/h3/
WARNING: Retrying (Retry(total=3, connect=None, read=None, redirect=None, status=None)) after connection broken by 'NewConnectionError('<pip._vendor.urllib3.connection.HTTPSConnection object at 0x2b21ee707f10>: Failed to establish a new connection: [Errno 101] Network is unreachable')': /simple/h3/
WARNING: Retrying (Retry(total=2, connect=None, read=None, redirect=None, status=None)) after connection broken by 'NewConnectionError('<pip._vendor.urllib3.connection.HTTPSConnection object at 0x2b21ee738100>: Failed to establish a new connection: [Errno 101] Network is unreachable')': /simple/h3/
WARNING: Retrying (Retry(total=1, connect=None, read=None, redirect=None, status=None)) after connection broken by 'NewConnectionError('<pip._vendor.urllib3.connection.HTTPSConnection object at 0x2b21ee7382b0>: Failed to establish a new connection: [Errno 101] Network is unreachable')': /simple/h3/
WARNING: Retrying (Retry(total=0, connect=None, read=None, redirect=None, status=None)) after connection broken by 'NewConnectionError('<pip._vendor.urllib3.connection.HTTPSConnection object at 0x2b21ee738460>: Failed to establish a new connection: [Errno 101] Network is unreachable')': /simple/h3/
  0%|          | 0/10 [00:00<?, ?it/s]100%|██████████| 10/10 [00:00<00:00, 1476.19it/s]
/tmp/pip-req-build-ab6z7mql/aten/src/ATen/native/cuda/Indexing.cu:1146: indexSelectLargeIndex: block: [17,0,0], thread: [0,0,0] Assertion `srcIndex < srcSelectDimSize` failed.
/tmp/pip-req-build-ab6z7mql/aten/src/ATen/native/cuda/Indexing.cu:1146: indexSelectLargeIndex: block: [17,0,0], thread: [1,0,0] Assertion `srcIndex < srcSelectDimSize` failed.
/tmp/pip-req-build-ab6z7mql/aten/src/ATen/native/cuda/Indexing.cu:1146: indexSelectLargeIndex: block: [17,0,0], thread: [2,0,0] Assertion `srcIndex < srcSelectDimSize` failed.
/tmp/pip-req-build-ab6z7mql/aten/src/ATen/native/cuda/Indexing.cu:1146: indexSelectLargeIndex: block: [17,0,0], thread: [3,0,0] Assertion `srcIndex < srcSelectDimSize` failed.
/tmp/pip-req-build-ab6z7mql/aten/src/ATen/native/cuda/Indexing.cu:1146: indexSelectLargeIndex: block: [17,0,0], thread: [4,0,0] Assertion `srcIndex < srcSelectDimSize` failed.
/tmp/pip-req-build-ab6z7mql/aten/src/ATen/native/cuda/Indexing.cu:1146: indexSelectLargeIndex: block: [17,0,0], thread: [5,0,0] Assertion `srcIndex < srcSelectDimSize` failed.
/tmp/pip-req-build-ab6z7mql/aten/src/ATen/native/cuda/Indexing.cu:1146: indexSelectLargeIndex: block: [17,0,0], thread: [6,0,0] Assertion `srcIndex < srcSelectDimSize` failed.
/tmp/pip-req-build-ab6z7mql/aten/src/ATen/native/cuda/Indexing.cu:1146: indexSelectLargeIndex: block: [17,0,0], thread: [7,0,0] Assertion `srcIndex < srcSelectDimSize` failed.
/tmp/pip-req-build-ab6z7mql/aten/src/ATen/native/cuda/Indexing.cu:1146: indexSelectLargeIndex: block: [17,0,0], thread: [8,0,0] Assertion `srcIndex < srcSelectDimSize` failed.
/tmp/pip-req-build-ab6z7mql/aten/src/ATen/native/cuda/Indexing.cu:1146: indexSelectLargeIndex: block: [17,0,0], thread: [9,0,0] Assertion `srcIndex < srcSelectDimSize` failed.
/tmp/pip-req-build-ab6z7mql/aten/src/ATen/native/cuda/Indexing.cu:1146: indexSelectLargeIndex: block: [17,0,0], thread: [10,0,0] Assertion `srcIndex < srcSelectDimSize` failed.
/tmp/pip-req-build-ab6z7mql/aten/src/ATen/native/cuda/Indexing.cu:1146: indexSelectLargeIndex: block: [17,0,0], thread: [11,0,0] Assertion `srcIndex < srcSelectDimSize` failed.
/tmp/pip-req-build-ab6z7mql/aten/src/ATen/native/cuda/Indexing.cu:1146: indexSelectLargeIndex: block: [17,0,0], thread: [12,0,0] Assertion `srcIndex < srcSelectDimSize` failed.
/tmp/pip-req-build-ab6z7mql/aten/src/ATen/native/cuda/Indexing.cu:1146: indexSelectLargeIndex: block: [17,0,0], thread: [13,0,0] Assertion `srcIndex < srcSelectDimSize` failed.
/tmp/pip-req-build-ab6z7mql/aten/src/ATen/native/cuda/Indexing.cu:1146: indexSelectLargeIndex: block: [17,0,0], thread: [14,0,0] Assertion `srcIndex < srcSelectDimSize` failed.
/tmp/pip-req-build-ab6z7mql/aten/src/ATen/native/cuda/Indexing.cu:1146: indexSelectLargeIndex: block: [17,0,0], thread: [15,0,0] Assertion `srcIndex < srcSelectDimSize` failed.
/tmp/pip-req-build-ab6z7mql/aten/src/ATen/native/cuda/Indexing.cu:1146: indexSelectLargeIndex: block: [17,0,0], thread: [16,0,0] Assertion `srcIndex < srcSelectDimSize` failed.
/tmp/pip-req-build-ab6z7mql/aten/src/ATen/native/cuda/Indexing.cu:1146: indexSelectLargeIndex: block: [17,0,0], thread: [17,0,0] Assertion `srcIndex < srcSelectDimSize` failed.
/tmp/pip-req-build-ab6z7mql/aten/src/ATen/native/cuda/Indexing.cu:1146: indexSelectLargeIndex: block: [17,0,0], thread: [18,0,0] Assertion `srcIndex < srcSelectDimSize` failed.
/tmp/pip-req-build-ab6z7mql/aten/src/ATen/native/cuda/Indexing.cu:1146: indexSelectLargeIndex: block: [17,0,0], thread: [19,0,0] Assertion `srcIndex < srcSelectDimSize` failed.
/tmp/pip-req-build-ab6z7mql/aten/src/ATen/native/cuda/Indexing.cu:1146: indexSelectLargeIndex: block: [17,0,0], thread: [20,0,0] Assertion `srcIndex < srcSelectDimSize` failed.
/tmp/pip-req-build-ab6z7mql/aten/src/ATen/native/cuda/Indexing.cu:1146: indexSelectLargeIndex: block: [17,0,0], thread: [21,0,0] Assertion `srcIndex < srcSelectDimSize` failed.
/tmp/pip-req-build-ab6z7mql/aten/src/ATen/native/cuda/Indexing.cu:1146: indexSelectLargeIndex: block: [17,0,0], thread: [22,0,0] Assertion `srcIndex < srcSelectDimSize` failed.
/tmp/pip-req-build-ab6z7mql/aten/src/ATen/native/cuda/Indexing.cu:1146: indexSelectLargeIndex: block: [17,0,0], thread: [23,0,0] Assertion `srcIndex < srcSelectDimSize` failed.
/tmp/pip-req-build-ab6z7mql/aten/src/ATen/native/cuda/Indexing.cu:1146: indexSelectLargeIndex: block: [17,0,0], thread: [24,0,0] Assertion `srcIndex < srcSelectDimSize` failed.
/tmp/pip-req-build-ab6z7mql/aten/src/ATen/native/cuda/Indexing.cu:1146: indexSelectLargeIndex: block: [17,0,0], thread: [25,0,0] Assertion `srcIndex < srcSelectDimSize` failed.
/tmp/pip-req-build-ab6z7mql/aten/src/ATen/native/cuda/Indexing.cu:1146: indexSelectLargeIndex: block: [17,0,0], thread: [26,0,0] Assertion `srcIndex < srcSelectDimSize` failed.
/tmp/pip-req-build-ab6z7mql/aten/src/ATen/native/cuda/Indexing.cu:1146: indexSelectLargeIndex: block: [17,0,0], thread: [27,0,0] Assertion `srcIndex < srcSelectDimSize` failed.
/tmp/pip-req-build-ab6z7mql/aten/src/ATen/native/cuda/Indexing.cu:1146: indexSelectLargeIndex: block: [17,0,0], thread: [28,0,0] Assertion `srcIndex < srcSelectDimSize` failed.
/tmp/pip-req-build-ab6z7mql/aten/src/ATen/native/cuda/Indexing.cu:1146: indexSelectLargeIndex: block: [17,0,0], thread: [29,0,0] Assertion `srcIndex < srcSelectDimSize` failed.
/tmp/pip-req-build-ab6z7mql/aten/src/ATen/native/cuda/Indexing.cu:1146: indexSelectLargeIndex: block: [17,0,0], thread: [30,0,0] Assertion `srcIndex < srcSelectDimSize` failed.
/tmp/pip-req-build-ab6z7mql/aten/src/ATen/native/cuda/Indexing.cu:1146: indexSelectLargeIndex: block: [17,0,0], thread: [31,0,0] Assertion `srcIndex < srcSelectDimSize` failed.
/tmp/pip-req-build-ab6z7mql/aten/src/ATen/native/cuda/Indexing.cu:1146: indexSelectLargeIndex: block: [137,0,0], thread: [64,0,0] Assertion `srcIndex < srcSelectDimSize` failed.
/tmp/pip-req-build-ab6z7mql/aten/src/ATen/native/cuda/Indexing.cu:1146: indexSelectLargeIndex: block: [137,0,0], thread: [65,0,0] Assertion `srcIndex < srcSelectDimSize` failed.
/tmp/pip-req-build-ab6z7mql/aten/src/ATen/native/cuda/Indexing.cu:1146: indexSelectLargeIndex: block: [137,0,0], thread: [66,0,0] Assertion `srcIndex < srcSelectDimSize` failed.
/tmp/pip-req-build-ab6z7mql/aten/src/ATen/native/cuda/Indexing.cu:1146: indexSelectLargeIndex: block: [137,0,0], thread: [67,0,0] Assertion `srcIndex < srcSelectDimSize` failed.
/tmp/pip-req-build-ab6z7mql/aten/src/ATen/native/cuda/Indexing.cu:1146: indexSelectLargeIndex: block: [137,0,0], thread: [68,0,0] Assertion `srcIndex < srcSelectDimSize` failed.
/tmp/pip-req-build-ab6z7mql/aten/src/ATen/native/cuda/Indexing.cu:1146: indexSelectLargeIndex: block: [137,0,0], thread: [69,0,0] Assertion `srcIndex < srcSelectDimSize` failed.
/tmp/pip-req-build-ab6z7mql/aten/src/ATen/native/cuda/Indexing.cu:1146: indexSelectLargeIndex: block: [137,0,0], thread: [70,0,0] Assertion `srcIndex < srcSelectDimSize` failed.
/tmp/pip-req-build-ab6z7mql/aten/src/ATen/native/cuda/Indexing.cu:1146: indexSelectLargeIndex: block: [137,0,0], thread: [71,0,0] Assertion `srcIndex < srcSelectDimSize` failed.
/tmp/pip-req-build-ab6z7mql/aten/src/ATen/native/cuda/Indexing.cu:1146: indexSelectLargeIndex: block: [137,0,0], thread: [72,0,0] Assertion `srcIndex < srcSelectDimSize` failed.
/tmp/pip-req-build-ab6z7mql/aten/src/ATen/native/cuda/Indexing.cu:1146: indexSelectLargeIndex: block: [137,0,0], thread: [73,0,0] Assertion `srcIndex < srcSelectDimSize` failed.
/tmp/pip-req-build-ab6z7mql/aten/src/ATen/native/cuda/Indexing.cu:1146: indexSelectLargeIndex: block: [137,0,0], thread: [74,0,0] Assertion `srcIndex < srcSelectDimSize` failed.
/tmp/pip-req-build-ab6z7mql/aten/src/ATen/native/cuda/Indexing.cu:1146: indexSelectLargeIndex: block: [137,0,0], thread: [75,0,0] Assertion `srcIndex < srcSelectDimSize` failed.
/tmp/pip-req-build-ab6z7mql/aten/src/ATen/native/cuda/Indexing.cu:1146: indexSelectLargeIndex: block: [137,0,0], thread: [76,0,0] Assertion `srcIndex < srcSelectDimSize` failed.
/tmp/pip-req-build-ab6z7mql/aten/src/ATen/native/cuda/Indexing.cu:1146: indexSelectLargeIndex: block: [137,0,0], thread: [77,0,0] Assertion `srcIndex < srcSelectDimSize` failed.
/tmp/pip-req-build-ab6z7mql/aten/src/ATen/native/cuda/Indexing.cu:1146: indexSelectLargeIndex: block: [137,0,0], thread: [78,0,0] Assertion `srcIndex < srcSelectDimSize` failed.
/tmp/pip-req-build-ab6z7mql/aten/src/ATen/native/cuda/Indexing.cu:1146: indexSelectLargeIndex: block: [137,0,0], thread: [79,0,0] Assertion `srcIndex < srcSelectDimSize` failed.
/tmp/pip-req-build-ab6z7mql/aten/src/ATen/native/cuda/Indexing.cu:1146: indexSelectLargeIndex: block: [137,0,0], thread: [80,0,0] Assertion `srcIndex < srcSelectDimSize` failed.
/tmp/pip-req-build-ab6z7mql/aten/src/ATen/native/cuda/Indexing.cu:1146: indexSelectLargeIndex: block: [137,0,0], thread: [81,0,0] Assertion `srcIndex < srcSelectDimSize` failed.
/tmp/pip-req-build-ab6z7mql/aten/src/ATen/native/cuda/Indexing.cu:1146: indexSelectLargeIndex: block: [137,0,0], thread: [82,0,0] Assertion `srcIndex < srcSelectDimSize` failed.
/tmp/pip-req-build-ab6z7mql/aten/src/ATen/native/cuda/Indexing.cu:1146: indexSelectLargeIndex: block: [137,0,0], thread: [83,0,0] Assertion `srcIndex < srcSelectDimSize` failed.
/tmp/pip-req-build-ab6z7mql/aten/src/ATen/native/cuda/Indexing.cu:1146: indexSelectLargeIndex: block: [137,0,0], thread: [84,0,0] Assertion `srcIndex < srcSelectDimSize` failed.
/tmp/pip-req-build-ab6z7mql/aten/src/ATen/native/cuda/Indexing.cu:1146: indexSelectLargeIndex: block: [137,0,0], thread: [85,0,0] Assertion `srcIndex < srcSelectDimSize` failed.
/tmp/pip-req-build-ab6z7mql/aten/src/ATen/native/cuda/Indexing.cu:1146: indexSelectLargeIndex: block: [137,0,0], thread: [86,0,0] Assertion `srcIndex < srcSelectDimSize` failed.
/tmp/pip-req-build-ab6z7mql/aten/src/ATen/native/cuda/Indexing.cu:1146: indexSelectLargeIndex: block: [137,0,0], thread: [87,0,0] Assertion `srcIndex < srcSelectDimSize` failed.
/tmp/pip-req-build-ab6z7mql/aten/src/ATen/native/cuda/Indexing.cu:1146: indexSelectLargeIndex: block: [137,0,0], thread: [88,0,0] Assertion `srcIndex < srcSelectDimSize` failed.
/tmp/pip-req-build-ab6z7mql/aten/src/ATen/native/cuda/Indexing.cu:1146: indexSelectLargeIndex: block: [137,0,0], thread: [89,0,0] Assertion `srcIndex < srcSelectDimSize` failed.
/tmp/pip-req-build-ab6z7mql/aten/src/ATen/native/cuda/Indexing.cu:1146: indexSelectLargeIndex: block: [137,0,0], thread: [90,0,0] Assertion `srcIndex < srcSelectDimSize` failed.
/tmp/pip-req-build-ab6z7mql/aten/src/ATen/native/cuda/Indexing.cu:1146: indexSelectLargeIndex: block: [137,0,0], thread: [91,0,0] Assertion `srcIndex < srcSelectDimSize` failed.
/tmp/pip-req-build-ab6z7mql/aten/src/ATen/native/cuda/Indexing.cu:1146: indexSelectLargeIndex: block: [137,0,0], thread: [92,0,0] Assertion `srcIndex < srcSelectDimSize` failed.
/tmp/pip-req-build-ab6z7mql/aten/src/ATen/native/cuda/Indexing.cu:1146: indexSelectLargeIndex: block: [137,0,0], thread: [93,0,0] Assertion `srcIndex < srcSelectDimSize` failed.
/tmp/pip-req-build-ab6z7mql/aten/src/ATen/native/cuda/Indexing.cu:1146: indexSelectLargeIndex: block: [137,0,0], thread: [94,0,0] Assertion `srcIndex < srcSelectDimSize` failed.
/tmp/pip-req-build-ab6z7mql/aten/src/ATen/native/cuda/Indexing.cu:1146: indexSelectLargeIndex: block: [137,0,0], thread: [95,0,0] Assertion `srcIndex < srcSelectDimSize` failed.
/tmp/pip-req-build-ab6z7mql/aten/src/ATen/native/cuda/Indexing.cu:1146: indexSelectLargeIndex: block: [137,0,0], thread: [96,0,0] Assertion `srcIndex < srcSelectDimSize` failed.
/tmp/pip-req-build-ab6z7mql/aten/src/ATen/native/cuda/Indexing.cu:1146: indexSelectLargeIndex: block: [137,0,0], thread: [97,0,0] Assertion `srcIndex < srcSelectDimSize` failed.
/tmp/pip-req-build-ab6z7mql/aten/src/ATen/native/cuda/Indexing.cu:1146: indexSelectLargeIndex: block: [137,0,0], thread: [98,0,0] Assertion `srcIndex < srcSelectDimSize` failed.
/tmp/pip-req-build-ab6z7mql/aten/src/ATen/native/cuda/Indexing.cu:1146: indexSelectLargeIndex: block: [137,0,0], thread: [99,0,0] Assertion `srcIndex < srcSelectDimSize` failed.
/tmp/pip-req-build-ab6z7mql/aten/src/ATen/native/cuda/Indexing.cu:1146: indexSelectLargeIndex: block: [137,0,0], thread: [100,0,0] Assertion `srcIndex < srcSelectDimSize` failed.
/tmp/pip-req-build-ab6z7mql/aten/src/ATen/native/cuda/Indexing.cu:1146: indexSelectLargeIndex: block: [137,0,0], thread: [101,0,0] Assertion `srcIndex < srcSelectDimSize` failed.
/tmp/pip-req-build-ab6z7mql/aten/src/ATen/native/cuda/Indexing.cu:1146: indexSelectLargeIndex: block: [137,0,0], thread: [102,0,0] Assertion `srcIndex < srcSelectDimSize` failed.
/tmp/pip-req-build-ab6z7mql/aten/src/ATen/native/cuda/Indexing.cu:1146: indexSelectLargeIndex: block: [137,0,0], thread: [103,0,0] Assertion `srcIndex < srcSelectDimSize` failed.
/tmp/pip-req-build-ab6z7mql/aten/src/ATen/native/cuda/Indexing.cu:1146: indexSelectLargeIndex: block: [137,0,0], thread: [104,0,0] Assertion `srcIndex < srcSelectDimSize` failed.
/tmp/pip-req-build-ab6z7mql/aten/src/ATen/native/cuda/Indexing.cu:1146: indexSelectLargeIndex: block: [137,0,0], thread: [105,0,0] Assertion `srcIndex < srcSelectDimSize` failed.
/tmp/pip-req-build-ab6z7mql/aten/src/ATen/native/cuda/Indexing.cu:1146: indexSelectLargeIndex: block: [137,0,0], thread: [106,0,0] Assertion `srcIndex < srcSelectDimSize` failed.
/tmp/pip-req-build-ab6z7mql/aten/src/ATen/native/cuda/Indexing.cu:1146: indexSelectLargeIndex: block: [137,0,0], thread: [107,0,0] Assertion `srcIndex < srcSelectDimSize` failed.
/tmp/pip-req-build-ab6z7mql/aten/src/ATen/native/cuda/Indexing.cu:1146: indexSelectLargeIndex: block: [137,0,0], thread: [108,0,0] Assertion `srcIndex < srcSelectDimSize` failed.
/tmp/pip-req-build-ab6z7mql/aten/src/ATen/native/cuda/Indexing.cu:1146: indexSelectLargeIndex: block: [137,0,0], thread: [109,0,0] Assertion `srcIndex < srcSelectDimSize` failed.
/tmp/pip-req-build-ab6z7mql/aten/src/ATen/native/cuda/Indexing.cu:1146: indexSelectLargeIndex: block: [137,0,0], thread: [110,0,0] Assertion `srcIndex < srcSelectDimSize` failed.
/tmp/pip-req-build-ab6z7mql/aten/src/ATen/native/cuda/Indexing.cu:1146: indexSelectLargeIndex: block: [137,0,0], thread: [111,0,0] Assertion `srcIndex < srcSelectDimSize` failed.
/tmp/pip-req-build-ab6z7mql/aten/src/ATen/native/cuda/Indexing.cu:1146: indexSelectLargeIndex: block: [137,0,0], thread: [112,0,0] Assertion `srcIndex < srcSelectDimSize` failed.
/tmp/pip-req-build-ab6z7mql/aten/src/ATen/native/cuda/Indexing.cu:1146: indexSelectLargeIndex: block: [137,0,0], thread: [113,0,0] Assertion `srcIndex < srcSelectDimSize` failed.
/tmp/pip-req-build-ab6z7mql/aten/src/ATen/native/cuda/Indexing.cu:1146: indexSelectLargeIndex: block: [137,0,0], thread: [114,0,0] Assertion `srcIndex < srcSelectDimSize` failed.
/tmp/pip-req-build-ab6z7mql/aten/src/ATen/native/cuda/Indexing.cu:1146: indexSelectLargeIndex: block: [137,0,0], thread: [115,0,0] Assertion `srcIndex < srcSelectDimSize` failed.
/tmp/pip-req-build-ab6z7mql/aten/src/ATen/native/cuda/Indexing.cu:1146: indexSelectLargeIndex: block: [137,0,0], thread: [116,0,0] Assertion `srcIndex < srcSelectDimSize` failed.
/tmp/pip-req-build-ab6z7mql/aten/src/ATen/native/cuda/Indexing.cu:1146: indexSelectLargeIndex: block: [137,0,0], thread: [117,0,0] Assertion `srcIndex < srcSelectDimSize` failed.
/tmp/pip-req-build-ab6z7mql/aten/src/ATen/native/cuda/Indexing.cu:1146: indexSelectLargeIndex: block: [137,0,0], thread: [118,0,0] Assertion `srcIndex < srcSelectDimSize` failed.
/tmp/pip-req-build-ab6z7mql/aten/src/ATen/native/cuda/Indexing.cu:1146: indexSelectLargeIndex: block: [137,0,0], thread: [119,0,0] Assertion `srcIndex < srcSelectDimSize` failed.
/tmp/pip-req-build-ab6z7mql/aten/src/ATen/native/cuda/Indexing.cu:1146: indexSelectLargeIndex: block: [137,0,0], thread: [120,0,0] Assertion `srcIndex < srcSelectDimSize` failed.
/tmp/pip-req-build-ab6z7mql/aten/src/ATen/native/cuda/Indexing.cu:1146: indexSelectLargeIndex: block: [137,0,0], thread: [121,0,0] Assertion `srcIndex < srcSelectDimSize` failed.
/tmp/pip-req-build-ab6z7mql/aten/src/ATen/native/cuda/Indexing.cu:1146: indexSelectLargeIndex: block: [137,0,0], thread: [122,0,0] Assertion `srcIndex < srcSelectDimSize` failed.
/tmp/pip-req-build-ab6z7mql/aten/src/ATen/native/cuda/Indexing.cu:1146: indexSelectLargeIndex: block: [137,0,0], thread: [123,0,0] Assertion `srcIndex < srcSelectDimSize` failed.
/tmp/pip-req-build-ab6z7mql/aten/src/ATen/native/cuda/Indexing.cu:1146: indexSelectLargeIndex: block: [137,0,0], thread: [124,0,0] Assertion `srcIndex < srcSelectDimSize` failed.
/tmp/pip-req-build-ab6z7mql/aten/src/ATen/native/cuda/Indexing.cu:1146: indexSelectLargeIndex: block: [137,0,0], thread: [125,0,0] Assertion `srcIndex < srcSelectDimSize` failed.
/tmp/pip-req-build-ab6z7mql/aten/src/ATen/native/cuda/Indexing.cu:1146: indexSelectLargeIndex: block: [137,0,0], thread: [126,0,0] Assertion `srcIndex < srcSelectDimSize` failed.
/tmp/pip-req-build-ab6z7mql/aten/src/ATen/native/cuda/Indexing.cu:1146: indexSelectLargeIndex: block: [137,0,0], thread: [127,0,0] Assertion `srcIndex < srcSelectDimSize` failed.
Traceback (most recent call last):
  File "/home/daril/trajcbert/first_test_small_train_gpu.py", line 305, in <module>
    outputs = model(b_input_ids,token_type_ids=None,attention_mask=b_input_mask,labels=b_labels)
  File "/localscratch/daril.39180431.0/MYENV/lib/python3.10/site-packages/torch/nn/modules/module.py", line 1501, in _call_impl
    return forward_call(*args, **kwargs)
  File "/localscratch/daril.39180431.0/MYENV/lib/python3.10/site-packages/transformers/models/bert/modeling_bert.py", line 1562, in forward
    outputs = self.bert(
  File "/localscratch/daril.39180431.0/MYENV/lib/python3.10/site-packages/torch/nn/modules/module.py", line 1501, in _call_impl
    return forward_call(*args, **kwargs)
  File "/localscratch/daril.39180431.0/MYENV/lib/python3.10/site-packages/transformers/models/bert/modeling_bert.py", line 1020, in forward
    encoder_outputs = self.encoder(
  File "/localscratch/daril.39180431.0/MYENV/lib/python3.10/site-packages/torch/nn/modules/module.py", line 1501, in _call_impl
    return forward_call(*args, **kwargs)
  File "/localscratch/daril.39180431.0/MYENV/lib/python3.10/site-packages/transformers/models/bert/modeling_bert.py", line 610, in forward
    layer_outputs = layer_module(
  File "/localscratch/daril.39180431.0/MYENV/lib/python3.10/site-packages/torch/nn/modules/module.py", line 1501, in _call_impl
    return forward_call(*args, **kwargs)
  File "/localscratch/daril.39180431.0/MYENV/lib/python3.10/site-packages/transformers/models/bert/modeling_bert.py", line 495, in forward
    self_attention_outputs = self.attention(
  File "/localscratch/daril.39180431.0/MYENV/lib/python3.10/site-packages/torch/nn/modules/module.py", line 1501, in _call_impl
    return forward_call(*args, **kwargs)
  File "/localscratch/daril.39180431.0/MYENV/lib/python3.10/site-packages/transformers/models/bert/modeling_bert.py", line 425, in forward
    self_outputs = self.self(
  File "/localscratch/daril.39180431.0/MYENV/lib/python3.10/site-packages/torch/nn/modules/module.py", line 1501, in _call_impl
    return forward_call(*args, **kwargs)
  File "/localscratch/daril.39180431.0/MYENV/lib/python3.10/site-packages/transformers/models/bert/modeling_bert.py", line 284, in forward
    mixed_query_layer = self.query(hidden_states)
  File "/localscratch/daril.39180431.0/MYENV/lib/python3.10/site-packages/torch/nn/modules/module.py", line 1501, in _call_impl
    return forward_call(*args, **kwargs)
  File "/localscratch/daril.39180431.0/MYENV/lib/python3.10/site-packages/torch/nn/modules/linear.py", line 114, in forward
    return F.linear(input, self.weight, self.bias)
RuntimeError: CUDA error: CUBLAS_STATUS_NOT_INITIALIZED when calling `cublasCreate(handle)`
