created virtual environment CPython3.10.2.final.0-64 in 835ms
  creator CPython3Posix(dest=/localscratch/daril.21620425.0/MYENV, clear=False, no_vcs_ignore=False, global=False)
  seeder FromAppData(download=False, pip=bundle, setuptools=bundle, wheel=bundle, via=copy, app_data_dir=/home/daril/.local/share/virtualenv)
    added seed packages: pip==23.0+computecanada, setuptools==68.0.0+computecanada, wheel==0.40.0+computecanada
  activators BashActivator,CShellActivator,FishActivator,NushellActivator,PowerShellActivator,PythonActivator
Looking in links: /cvmfs/soft.computecanada.ca/custom/python/wheelhouse/gentoo2020/avx2, /cvmfs/soft.computecanada.ca/custom/python/wheelhouse/gentoo/avx2, /cvmfs/soft.computecanada.ca/custom/python/wheelhouse/gentoo2020/generic, /cvmfs/soft.computecanada.ca/custom/python/wheelhouse/gentoo/generic, /cvmfs/soft.computecanada.ca/custom/python/wheelhouse/generic
Processing /cvmfs/soft.computecanada.ca/custom/python/wheelhouse/generic/tqdm-4.66.1+computecanada-py3-none-any.whl
Processing /cvmfs/soft.computecanada.ca/custom/python/wheelhouse/gentoo/avx2/torch-2.0.1+computecanada-cp310-cp310-linux_x86_64.whl
Processing /cvmfs/soft.computecanada.ca/custom/python/wheelhouse/gentoo/generic/scikit_learn-1.3.0+computecanada-cp310-cp310-linux_x86_64.whl
Processing /cvmfs/soft.computecanada.ca/custom/python/wheelhouse/generic/transformers-4.33.2+computecanada-py3-none-any.whl
Requirement already satisfied: typing-extensions in /cvmfs/soft.computecanada.ca/easybuild/software/2020/avx2/Core/scipy-stack/2023a/lib/python3.10/site-packages (from torch->-r requirements.txt (line 2)) (4.5.0+computecanada)
Requirement already satisfied: sympy in /cvmfs/soft.computecanada.ca/easybuild/software/2020/avx2/Core/scipy-stack/2023a/lib/python3.10/site-packages (from torch->-r requirements.txt (line 2)) (1.11.1+computecanada)
Processing /cvmfs/soft.computecanada.ca/custom/python/wheelhouse/generic/networkx-3.1+computecanada-py3-none-any.whl
Processing /cvmfs/soft.computecanada.ca/custom/python/wheelhouse/generic/filelock-3.12.4+computecanada-py3-none-any.whl
Requirement already satisfied: jinja2 in /cvmfs/soft.computecanada.ca/easybuild/software/2020/avx2/Core/scipy-stack/2023a/lib/python3.10/site-packages (from torch->-r requirements.txt (line 2)) (3.1.2+computecanada)
Processing /cvmfs/soft.computecanada.ca/custom/python/wheelhouse/generic/threadpoolctl-3.2.0+computecanada-py3-none-any.whl
Processing /cvmfs/soft.computecanada.ca/custom/python/wheelhouse/generic/joblib-1.3.2+computecanada-py3-none-any.whl
Requirement already satisfied: numpy>=1.21 in /cvmfs/soft.computecanada.ca/easybuild/software/2020/avx2/Core/scipy-stack/2023a/lib/python3.10/site-packages (from scikit-learn->-r requirements.txt (line 3)) (1.24.2+computecanada)
Requirement already satisfied: scipy>=1.5.0 in /cvmfs/soft.computecanada.ca/easybuild/software/2020/avx2/Core/scipy-stack/2023a/lib/python3.10/site-packages (from scikit-learn->-r requirements.txt (line 3)) (1.10.1+computecanada)
Processing /cvmfs/soft.computecanada.ca/custom/python/wheelhouse/gentoo/generic/safetensors-0.3.3+computecanada-cp310-cp310-linux_x86_64.whl
Requirement already satisfied: requests in /cvmfs/soft.computecanada.ca/easybuild/software/2020/avx2/Core/scipy-stack/2023a/lib/python3.10/site-packages (from transformers->-r requirements.txt (line 4)) (2.28.2+computecanada)
Processing /cvmfs/soft.computecanada.ca/custom/python/wheelhouse/gentoo/generic/tokenizers-0.13.3+computecanada-cp310-cp310-linux_x86_64.whl
Processing /cvmfs/soft.computecanada.ca/custom/python/wheelhouse/generic/regex-2023.8.8+computecanada-cp310-cp310-linux_x86_64.whl
Requirement already satisfied: packaging>=20.0 in /cvmfs/soft.computecanada.ca/easybuild/software/2020/avx2/Core/ipykernel/2023a/lib/python3.10/site-packages (from transformers->-r requirements.txt (line 4)) (23.0+computecanada)
Processing /cvmfs/soft.computecanada.ca/custom/python/wheelhouse/generic/huggingface_hub-0.16.4+computecanada-py3-none-any.whl
Requirement already satisfied: pyyaml>=5.1 in /cvmfs/soft.computecanada.ca/easybuild/software/2020/avx2/Core/scipy-stack/2023a/lib/python3.10/site-packages (from transformers->-r requirements.txt (line 4)) (6.0+computecanada)
Processing /cvmfs/soft.computecanada.ca/custom/python/wheelhouse/generic/fsspec-2023.9.0+computecanada-py3-none-any.whl
Requirement already satisfied: MarkupSafe>=2.0 in /cvmfs/soft.computecanada.ca/easybuild/software/2020/avx2/Core/scipy-stack/2023a/lib/python3.10/site-packages (from jinja2->torch->-r requirements.txt (line 2)) (2.1.2+computecanada)
Requirement already satisfied: charset-normalizer<4,>=2 in /cvmfs/soft.computecanada.ca/easybuild/software/2020/avx2/Core/scipy-stack/2023a/lib/python3.10/site-packages (from requests->transformers->-r requirements.txt (line 4)) (3.0.1+computecanada)
Requirement already satisfied: urllib3<1.27,>=1.21.1 in /cvmfs/soft.computecanada.ca/easybuild/software/2020/avx2/Core/scipy-stack/2023a/lib/python3.10/site-packages (from requests->transformers->-r requirements.txt (line 4)) (1.26.14+computecanada)
Requirement already satisfied: certifi>=2017.4.17 in /cvmfs/soft.computecanada.ca/easybuild/software/2020/avx2/Core/scipy-stack/2023a/lib/python3.10/site-packages (from requests->transformers->-r requirements.txt (line 4)) (2022.12.7+computecanada)
Requirement already satisfied: idna<4,>=2.5 in /cvmfs/soft.computecanada.ca/easybuild/software/2020/avx2/Core/scipy-stack/2023a/lib/python3.10/site-packages (from requests->transformers->-r requirements.txt (line 4)) (3.4+computecanada)
Requirement already satisfied: mpmath>=0.19 in /cvmfs/soft.computecanada.ca/easybuild/software/2020/avx2/Core/scipy-stack/2023a/lib/python3.10/site-packages (from sympy->torch->-r requirements.txt (line 2)) (1.2.1+computecanada)
Installing collected packages: tokenizers, safetensors, tqdm, threadpoolctl, regex, networkx, joblib, fsspec, filelock, torch, scikit-learn, huggingface-hub, transformers
Successfully installed filelock-3.12.4+computecanada fsspec-2023.9.0+computecanada huggingface-hub-0.16.4+computecanada joblib-1.3.2+computecanada networkx-3.1+computecanada regex-2023.8.8+computecanada safetensors-0.3.3+computecanada scikit-learn-1.3.0+computecanada threadpoolctl-3.2.0+computecanada tokenizers-0.13.3+computecanada torch-2.0.1+computecanada tqdm-4.66.1+computecanada transformers-4.33.2+computecanada
Package                            Version
---------------------------------- -----------------------
anyio                              3.6.2+computecanada
arff                               0.9+computecanada
argon2_cffi                        21.3.0+computecanada
argon2_cffi_bindings               21.2.0+computecanada
asttokens                          2.2.1+computecanada
async_generator                    1.10+computecanada
attrs                              22.2.0+computecanada
backcall                           0.2.0+computecanada
backports-abc                      0.5+computecanada
backports.shutil_get_terminal_size 1.0.0+computecanada
bcrypt                             4.0.1+computecanada
beautifulsoup4                     4.11.2+computecanada
bitstring                          4.0.1+computecanada
bleach                             6.0.0+computecanada
certifi                            2022.12.7+computecanada
cffi                               1.15.1+computecanada
chardet                            5.1.0+computecanada
charset_normalizer                 3.0.1+computecanada
comm                               0.1.2+computecanada
contourpy                          1.0.7+computecanada
cryptography                       39.0.1+computecanada
cycler                             0.11.0+computecanada
Cython                             0.29.33+computecanada
deap                               1.3.3+computecanada
debugpy                            1.6.6+computecanada
decorator                          5.1.1+computecanada
defusedxml                         0.7.1+computecanada
dnspython                          2.3.0+computecanada
ecdsa                              0.18.0+computecanada
entrypoints                        0.4+computecanada
executing                          1.2.0+computecanada
fastjsonschema                     2.16.2+computecanada
filelock                           3.12.4+computecanada
fonttools                          4.38.0+computecanada
fsspec                             2023.9.0+computecanada
funcsigs                           1.0.2+computecanada
huggingface_hub                    0.16.4+computecanada
idna                               3.4+computecanada
importlib_metadata                 5.2.0+computecanada
importlib_resources                5.12.0+computecanada
ipykernel                          6.21.2+computecanada
ipython                            8.10.0+computecanada
ipython_genutils                   0.2.0+computecanada
ipywidgets                         8.0.4+computecanada
jedi                               0.18.2+computecanada
Jinja2                             3.1.2+computecanada
joblib                             1.3.2+computecanada
jsonschema                         4.17.3+computecanada
jupyter_client                     8.0.3+computecanada
jupyter_core                       5.2.0+computecanada
jupyter_events                     0.6.3+computecanada
jupyter_server                     2.3.0+computecanada
jupyter_server_terminals           0.4.4+computecanada
jupyterlab_pygments                0.2.2+computecanada
jupyterlab_widgets                 3.0.5+computecanada
kiwisolver                         1.4.4+computecanada
lockfile                           0.12.2+computecanada
MarkupSafe                         2.1.2+computecanada
matplotlib                         3.7.0+computecanada
matplotlib_inline                  0.1.6+computecanada
mistune                            2.0.5+computecanada
mock                               5.0.1+computecanada
mpmath                             1.2.1+computecanada
nbclassic                          0.5.2+computecanada
nbclient                           0.7.2+computecanada
nbconvert                          7.2.9+computecanada
nbformat                           5.7.3+computecanada
nest_asyncio                       1.5.6+computecanada
netaddr                            0.8.0+computecanada
netifaces                          0.11.0+computecanada
networkx                           3.1+computecanada
nose                               1.3.7+computecanada
notebook                           6.5.2+computecanada
notebook_shim                      0.2.2+computecanada
numpy                              1.24.2+computecanada
packaging                          23.0+computecanada
pandas                             1.5.3+computecanada
pandocfilters                      1.5.0+computecanada
paramiko                           3.0.0+computecanada
parso                              0.8.3+computecanada
path                               16.6.0+computecanada
path.py                            12.5.0+computecanada
pathlib2                           2.3.7+computecanada
paycheck                           1.0.2+computecanada
pbr                                5.11.1+computecanada
pexpect                            4.8.0+computecanada
pickleshare                        0.7.5+computecanada
Pillow                             9.4.0+computecanada
pip                                23.0+computecanada
pkgutil_resolve_name               1.3.10+computecanada
platformdirs                       2.5.2+computecanada
prometheus_client                  0.16.0+computecanada
prompt_toolkit                     3.0.37+computecanada
psutil                             5.9.4+computecanada
ptyprocess                         0.7.0+computecanada
pure_eval                          0.2.2+computecanada
pycparser                          2.21+computecanada
Pygments                           2.14.0+computecanada
PyNaCl                             1.5.0+computecanada
pyparsing                          3.0.9+computecanada
pyrsistent                         0.19.3+computecanada
python-dateutil                    2.8.2+computecanada
python_json_logger                 2.0.7+computecanada
pytz                               2022.7.1+computecanada
PyYAML                             6.0+computecanada
pyzmq                              25.0.0+computecanada
regex                              2023.8.8+computecanada
requests                           2.28.2+computecanada
rfc3339_validator                  0.1.4+computecanada
rfc3986_validator                  0.1.1+computecanada
safetensors                        0.3.3+computecanada
scikit_learn                       1.3.0+computecanada
scipy                              1.10.1+computecanada
Send2Trash                         1.8.0+computecanada
setuptools                         68.0.0+computecanada
simplegeneric                      0.8.1+computecanada
singledispatch                     4.0.0+computecanada
six                                1.16.0+computecanada
sniffio                            1.3.0+computecanada
soupsieve                          2.4+computecanada
stack_data                         0.6.2+computecanada
sympy                              1.11.1+computecanada
terminado                          0.17.1+computecanada
testpath                           0.6.0+computecanada
threadpoolctl                      3.2.0+computecanada
tinycss2                           1.2.1+computecanada
tokenizers                         0.13.3+computecanada
torch                              2.0.1+computecanada
tornado                            6.2+computecanada
tqdm                               4.66.1+computecanada
traitlets                          5.9.0+computecanada
transformers                       4.33.2+computecanada
typing_extensions                  4.5.0+computecanada
urllib3                            1.26.14+computecanada
wcwidth                            0.2.6+computecanada
webencodings                       0.5.1+computecanada
websocket_client                   1.5.1+computecanada
wheel                              0.40.0+computecanada
widgetsnbextension                 4.0.5+computecanada
zipp                               3.14.0+computecanada
Data conversion to tensors...

[GPU0] Epoch 0 | Batchsize: 32 | Steps: 4688
[GPU0] Epoch 0 | Average loss: 4.569903420100033
  Validation Loss: 2.4015
Epoch 0 | Training checkpoint saved at /home/daril/scratch/data/trajcbert/models/model_saved_parallel_version_1_2_bs_32_100_epochs_without_context/checkpoints/checkpoint_epoch_0.pt
Epoch 0 | Best validation loss: 2.4014515006725254
[GPU0] Epoch 1 | Batchsize: 32 | Steps: 4688
[GPU0] Epoch 1 | Average loss: 2.2914395342380725
  Validation Loss: 1.4518
Epoch 1 | Training checkpoint saved at /home/daril/scratch/data/trajcbert/models/model_saved_parallel_version_1_2_bs_32_100_epochs_without_context/checkpoints/checkpoint_epoch_1.pt
Epoch 1 | Best validation loss: 1.451783705438396
[GPU0] Epoch 2 | Batchsize: 32 | Steps: 4688
[GPU0] Epoch 2 | Average loss: 1.4373242845663439
  Validation Loss: 1.1406
Epoch 2 | Training checkpoint saved at /home/daril/scratch/data/trajcbert/models/model_saved_parallel_version_1_2_bs_32_100_epochs_without_context/checkpoints/checkpoint_epoch_2.pt
Epoch 2 | Best validation loss: 1.1405798542579626
[GPU0] Epoch 3 | Batchsize: 32 | Steps: 4688
[GPU0] Epoch 3 | Average loss: 1.1146368867059717
  Validation Loss: 0.9932
Epoch 3 | Training checkpoint saved at /home/daril/scratch/data/trajcbert/models/model_saved_parallel_version_1_2_bs_32_100_epochs_without_context/checkpoints/checkpoint_epoch_3.pt
Epoch 3 | Best validation loss: 0.9931851829010672
[GPU0] Epoch 4 | Batchsize: 32 | Steps: 4688
[GPU0] Epoch 4 | Average loss: 0.9339829387028825
  Validation Loss: 0.9050
Epoch 4 | Training checkpoint saved at /home/daril/scratch/data/trajcbert/models/model_saved_parallel_version_1_2_bs_32_100_epochs_without_context/checkpoints/checkpoint_epoch_4.pt
Epoch 4 | Best validation loss: 0.9049522821825434
[GPU0] Epoch 5 | Batchsize: 32 | Steps: 4688
[GPU0] Epoch 5 | Average loss: 0.8088468943592224
  Validation Loss: 0.8647
Epoch 5 | Training checkpoint saved at /home/daril/scratch/data/trajcbert/models/model_saved_parallel_version_1_2_bs_32_100_epochs_without_context/checkpoints/checkpoint_epoch_5.pt
Epoch 5 | Best validation loss: 0.8646749209920069
[GPU0] Epoch 6 | Batchsize: 32 | Steps: 4688
[GPU0] Epoch 6 | Average loss: 0.7315455500494192
  Validation Loss: 0.8317
Epoch 6 | Training checkpoint saved at /home/daril/scratch/data/trajcbert/models/model_saved_parallel_version_1_2_bs_32_100_epochs_without_context/checkpoints/checkpoint_epoch_6.pt
Epoch 6 | Best validation loss: 0.8317229117797741
[GPU0] Epoch 7 | Batchsize: 32 | Steps: 4688
[GPU0] Epoch 7 | Average loss: 0.6588553325718097
  Validation Loss: 0.8208
Epoch 7 | Training checkpoint saved at /home/daril/scratch/data/trajcbert/models/model_saved_parallel_version_1_2_bs_32_100_epochs_without_context/checkpoints/checkpoint_epoch_7.pt
Epoch 7 | Best validation loss: 0.8207713936289304
[GPU0] Epoch 8 | Batchsize: 32 | Steps: 4688
[GPU0] Epoch 8 | Average loss: 0.6021962463331278
  Validation Loss: 0.8065
Epoch 8 | Training checkpoint saved at /home/daril/scratch/data/trajcbert/models/model_saved_parallel_version_1_2_bs_32_100_epochs_without_context/checkpoints/checkpoint_epoch_8.pt
Epoch 8 | Best validation loss: 0.8064605533869332
[GPU0] Epoch 9 | Batchsize: 32 | Steps: 4688
[GPU0] Epoch 9 | Average loss: 0.5568040040664934
  Validation Loss: 0.8016
Epoch 9 | Training checkpoint saved at /home/daril/scratch/data/trajcbert/models/model_saved_parallel_version_1_2_bs_32_100_epochs_without_context/checkpoints/checkpoint_epoch_9.pt
Epoch 9 | Best validation loss: 0.8016168607574049
[GPU0] Epoch 10 | Batchsize: 32 | Steps: 4688
[GPU0] Epoch 10 | Average loss: 0.5169831026383634
  Validation Loss: 0.8169
[GPU0] Epoch 11 | Batchsize: 32 | Steps: 4688
[GPU0] Epoch 11 | Average loss: 0.4849390214477561
  Validation Loss: 0.8183
[GPU0] Epoch 12 | Batchsize: 32 | Steps: 4688
[GPU0] Epoch 12 | Average loss: 0.45399135357935505
  Validation Loss: 0.8290
[GPU0] Epoch 13 | Batchsize: 32 | Steps: 4688
[GPU0] Epoch 13 | Average loss: 0.42912856493869944
  Validation Loss: 0.8398
[GPU0] Epoch 14 | Batchsize: 32 | Steps: 4688
[GPU0] Epoch 14 | Average loss: 0.4074156486497613
  Validation Loss: 0.8520
[GPU0] Epoch 15 | Batchsize: 32 | Steps: 4688
[GPU0] Epoch 15 | Average loss: 0.3930709129890726
  Validation Loss: 0.8610
[GPU0] Epoch 16 | Batchsize: 32 | Steps: 4688
[GPU0] Epoch 16 | Average loss: 0.37814551196617324
  Validation Loss: 0.8709
[GPU0] Epoch 17 | Batchsize: 32 | Steps: 4688
[GPU0] Epoch 17 | Average loss: 0.36656273704947134
  Validation Loss: 0.8761
[GPU0] Epoch 18 | Batchsize: 32 | Steps: 4688
[GPU0] Epoch 18 | Average loss: 0.3555447369426133
  Validation Loss: 0.8813
[GPU0] Epoch 19 | Batchsize: 32 | Steps: 4688
[GPU0] Epoch 19 | Average loss: 0.3453348139583041
  Validation Loss: 0.8839
Data conversion to tensors...

[GPU2] Epoch 0 | Batchsize: 32 | Steps: 4688
[GPU2] Epoch 0 | Average loss: 4.569198664799078
[GPU2] Epoch 1 | Batchsize: 32 | Steps: 4688
[GPU2] Epoch 1 | Average loss: 1.7448267773518484
[GPU2] Epoch 2 | Batchsize: 32 | Steps: 4688
[GPU2] Epoch 2 | Average loss: 1.137818443757377
[GPU2] Epoch 3 | Batchsize: 32 | Steps: 4688
[GPU2] Epoch 3 | Average loss: 0.8677201344990791
[GPU2] Epoch 4 | Batchsize: 32 | Steps: 4688
[GPU2] Epoch 4 | Average loss: 0.7122748748100531
[GPU2] Epoch 5 | Batchsize: 32 | Steps: 4688
[GPU2] Epoch 5 | Average loss: 0.610788171198664
[GPU2] Epoch 6 | Batchsize: 32 | Steps: 4688
[GPU2] Epoch 6 | Average loss: 0.5167678245581661
[GPU2] Epoch 7 | Batchsize: 32 | Steps: 4688
[GPU2] Epoch 7 | Average loss: 0.4487340668170258
[GPU2] Epoch 8 | Batchsize: 32 | Steps: 4688
[GPU2] Epoch 8 | Average loss: 0.392433274999013
[GPU2] Epoch 9 | Batchsize: 32 | Steps: 4688
[GPU2] Epoch 9 | Average loss: 0.3363090306027783
[GPU2] Epoch 10 | Batchsize: 32 | Steps: 4688
[GPU2] Epoch 10 | Average loss: 0.29354738348613435
[GPU2] Epoch 11 | Batchsize: 32 | Steps: 4688
[GPU2] Epoch 11 | Average loss: 0.25120138661513175
[GPU2] Epoch 12 | Batchsize: 32 | Steps: 4688
[GPU2] Epoch 12 | Average loss: 0.2201417133755626
[GPU2] Epoch 13 | Batchsize: 32 | Steps: 4688
[GPU2] Epoch 13 | Average loss: 0.19513679447912838
[GPU2] Epoch 14 | Batchsize: 32 | Steps: 4688
[GPU2] Epoch 14 | Average loss: 0.16959908301961918
[GPU2] Epoch 15 | Batchsize: 32 | Steps: 4688
[GPU2] Epoch 15 | Average loss: 0.15001483283457806
[GPU2] Epoch 16 | Batchsize: 32 | Steps: 4688
[GPU2] Epoch 16 | Average loss: 0.1335725942257086
[GPU2] Epoch 17 | Batchsize: 32 | Steps: 4688
[GPU2] Epoch 17 | Average loss: 0.11908583085365759
[GPU2] Epoch 18 | Batchsize: 32 | Steps: 4688
[GPU2] Epoch 18 | Average loss: 0.11150097691890253
[GPU2] Epoch 19 | Batchsize: 32 | Steps: 4688
[GPU2] Epoch 19 | Average loss: 0.10680709021659043
Data conversion to tensors...

[GPU3] Epoch 0 | Batchsize: 32 | Steps: 4688
[GPU3] Epoch 0 | Average loss: 4.564019933648077
[GPU3] Epoch 1 | Batchsize: 32 | Steps: 4688
[GPU3] Epoch 1 | Average loss: 1.7492009869906988
[GPU3] Epoch 2 | Batchsize: 32 | Steps: 4688
[GPU3] Epoch 2 | Average loss: 1.1329153937958307
[GPU3] Epoch 3 | Batchsize: 32 | Steps: 4688
[GPU3] Epoch 3 | Average loss: 0.8661014153034055
[GPU3] Epoch 4 | Batchsize: 32 | Steps: 4688
[GPU3] Epoch 4 | Average loss: 0.7147920202724508
[GPU3] Epoch 5 | Batchsize: 32 | Steps: 4688
[GPU3] Epoch 5 | Average loss: 0.603969657749141
[GPU3] Epoch 6 | Batchsize: 32 | Steps: 4688
[GPU3] Epoch 6 | Average loss: 0.5141216149146799
[GPU3] Epoch 7 | Batchsize: 32 | Steps: 4688
[GPU3] Epoch 7 | Average loss: 0.44729954842478037
[GPU3] Epoch 8 | Batchsize: 32 | Steps: 4688
[GPU3] Epoch 8 | Average loss: 0.3890478654372039
[GPU3] Epoch 9 | Batchsize: 32 | Steps: 4688
[GPU3] Epoch 9 | Average loss: 0.3347067759958741
[GPU3] Epoch 10 | Batchsize: 32 | Steps: 4688
[GPU3] Epoch 10 | Average loss: 0.2903182213909848
[GPU3] Epoch 11 | Batchsize: 32 | Steps: 4688
[GPU3] Epoch 11 | Average loss: 0.25218401070161317
[GPU3] Epoch 12 | Batchsize: 32 | Steps: 4688
[GPU3] Epoch 12 | Average loss: 0.22041679227386152
[GPU3] Epoch 13 | Batchsize: 32 | Steps: 4688
[GPU3] Epoch 13 | Average loss: 0.1910144419108562
[GPU3] Epoch 14 | Batchsize: 32 | Steps: 4688
[GPU3] Epoch 14 | Average loss: 0.1692168091325671
[GPU3] Epoch 15 | Batchsize: 32 | Steps: 4688
[GPU3] Epoch 15 | Average loss: 0.14845112045736564
[GPU3] Epoch 16 | Batchsize: 32 | Steps: 4688
[GPU3] Epoch 16 | Average loss: 0.13363301862566015
[GPU3] Epoch 17 | Batchsize: 32 | Steps: 4688
[GPU3] Epoch 17 | Average loss: 0.12043179239030394
[GPU3] Epoch 18 | Batchsize: 32 | Steps: 4688
[GPU3] Epoch 18 | Average loss: 0.11193077231559874
[GPU3] Epoch 19 | Batchsize: 32 | Steps: 4688
[GPU3] Epoch 19 | Average loss: 0.10595644523980455
Data conversion to tensors...

[GPU1] Epoch 0 | Batchsize: 32 | Steps: 4688
[GPU1] Epoch 0 | Average loss: 4.558673485846548
[GPU1] Epoch 1 | Batchsize: 32 | Steps: 4688
[GPU1] Epoch 1 | Average loss: 1.7472918929830956
[GPU1] Epoch 2 | Batchsize: 32 | Steps: 4688
[GPU1] Epoch 2 | Average loss: 1.1347599801076609
[GPU1] Epoch 3 | Batchsize: 32 | Steps: 4688
[GPU1] Epoch 3 | Average loss: 0.8779492353537333
[GPU1] Epoch 4 | Batchsize: 32 | Steps: 4688
[GPU1] Epoch 4 | Average loss: 0.7163891258010634
[GPU1] Epoch 5 | Batchsize: 32 | Steps: 4688
[GPU1] Epoch 5 | Average loss: 0.6030382361221716
[GPU1] Epoch 6 | Batchsize: 32 | Steps: 4688
[GPU1] Epoch 6 | Average loss: 0.5219151859700921
[GPU1] Epoch 7 | Batchsize: 32 | Steps: 4688
[GPU1] Epoch 7 | Average loss: 0.45052924703126424
[GPU1] Epoch 8 | Batchsize: 32 | Steps: 4688
[GPU1] Epoch 8 | Average loss: 0.38440894562220235
[GPU1] Epoch 9 | Batchsize: 32 | Steps: 4688
[GPU1] Epoch 9 | Average loss: 0.3393553403212527
[GPU1] Epoch 10 | Batchsize: 32 | Steps: 4688
[GPU1] Epoch 10 | Average loss: 0.2927357726650942
[GPU1] Epoch 11 | Batchsize: 32 | Steps: 4688
[GPU1] Epoch 11 | Average loss: 0.25705868910732693
[GPU1] Epoch 12 | Batchsize: 32 | Steps: 4688
[GPU1] Epoch 12 | Average loss: 0.22053358940655562
[GPU1] Epoch 13 | Batchsize: 32 | Steps: 4688
[GPU1] Epoch 13 | Average loss: 0.19246908129231033
[GPU1] Epoch 14 | Batchsize: 32 | Steps: 4688
[GPU1] Epoch 14 | Average loss: 0.16906224636308556
[GPU1] Epoch 15 | Batchsize: 32 | Steps: 4688
[GPU1] Epoch 15 | Average loss: 0.15164490684480708
[GPU1] Epoch 16 | Batchsize: 32 | Steps: 4688
[GPU1] Epoch 16 | Average loss: 0.1356180015837761
[GPU1] Epoch 17 | Batchsize: 32 | Steps: 4688
[GPU1] Epoch 17 | Average loss: 0.1241661693969163
[GPU1] Epoch 18 | Batchsize: 32 | Steps: 4688
[GPU1] Epoch 18 | Average loss: 0.11353146211631952
[GPU1] Epoch 19 | Batchsize: 32 | Steps: 4688
[GPU1] Epoch 19 | Average loss: 0.1052037904847774
