Node IP: 10.80.9.102
created virtual environment CPython3.10.2.final.0-64 in 895ms
  creator CPython3Posix(dest=/localscratch/daril.20947614.0/MYENV, clear=False, no_vcs_ignore=False, global=False)
  seeder FromAppData(download=False, pip=bundle, setuptools=bundle, wheel=bundle, via=copy, app_data_dir=/home/daril/.local/share/virtualenv)
    added seed packages: pip==23.0+computecanada, setuptools==68.0.0+computecanada, wheel==0.40.0+computecanada
  activators BashActivator,CShellActivator,FishActivator,NushellActivator,PowerShellActivator,PythonActivator
Looking in links: /cvmfs/soft.computecanada.ca/custom/python/wheelhouse/gentoo2020/avx2, /cvmfs/soft.computecanada.ca/custom/python/wheelhouse/gentoo/avx2, /cvmfs/soft.computecanada.ca/custom/python/wheelhouse/gentoo2020/generic, /cvmfs/soft.computecanada.ca/custom/python/wheelhouse/gentoo/generic, /cvmfs/soft.computecanada.ca/custom/python/wheelhouse/generic
Processing /cvmfs/soft.computecanada.ca/custom/python/wheelhouse/generic/tqdm-4.66.1+computecanada-py3-none-any.whl
Processing /cvmfs/soft.computecanada.ca/custom/python/wheelhouse/gentoo/avx2/torch-2.0.1+computecanada-cp310-cp310-linux_x86_64.whl
Processing /cvmfs/soft.computecanada.ca/custom/python/wheelhouse/gentoo/generic/scikit_learn-1.3.0+computecanada-cp310-cp310-linux_x86_64.whl
Processing /cvmfs/soft.computecanada.ca/custom/python/wheelhouse/generic/transformers-4.31.0+computecanada-py3-none-any.whl
Processing /cvmfs/soft.computecanada.ca/custom/python/wheelhouse/generic/filelock-3.12.0+computecanada-py3-none-any.whl
Requirement already satisfied: sympy in /cvmfs/soft.computecanada.ca/easybuild/software/2020/avx2/Core/scipy-stack/2023a/lib/python3.10/site-packages (from torch->-r requirements.txt (line 2)) (1.11.1+computecanada)
Requirement already satisfied: jinja2 in /cvmfs/soft.computecanada.ca/easybuild/software/2020/avx2/Core/scipy-stack/2023a/lib/python3.10/site-packages (from torch->-r requirements.txt (line 2)) (3.1.2+computecanada)
Requirement already satisfied: typing-extensions in /cvmfs/soft.computecanada.ca/easybuild/software/2020/avx2/Core/scipy-stack/2023a/lib/python3.10/site-packages (from torch->-r requirements.txt (line 2)) (4.5.0+computecanada)
Processing /cvmfs/soft.computecanada.ca/custom/python/wheelhouse/generic/networkx-3.1+computecanada-py3-none-any.whl
Processing /cvmfs/soft.computecanada.ca/custom/python/wheelhouse/generic/threadpoolctl-3.2.0+computecanada-py3-none-any.whl
Requirement already satisfied: numpy>=1.21 in /cvmfs/soft.computecanada.ca/easybuild/software/2020/avx2/Core/scipy-stack/2023a/lib/python3.10/site-packages (from scikit-learn->-r requirements.txt (line 3)) (1.24.2+computecanada)
Processing /cvmfs/soft.computecanada.ca/custom/python/wheelhouse/generic/joblib-1.3.2+computecanada-py3-none-any.whl
Requirement already satisfied: scipy>=1.5.0 in /cvmfs/soft.computecanada.ca/easybuild/software/2020/avx2/Core/scipy-stack/2023a/lib/python3.10/site-packages (from scikit-learn->-r requirements.txt (line 3)) (1.10.1+computecanada)
Processing /cvmfs/soft.computecanada.ca/custom/python/wheelhouse/gentoo/generic/safetensors-0.3.3+computecanada-cp310-cp310-linux_x86_64.whl
Processing /cvmfs/soft.computecanada.ca/custom/python/wheelhouse/generic/huggingface_hub-0.16.4+computecanada-py3-none-any.whl
Processing /cvmfs/soft.computecanada.ca/custom/python/wheelhouse/generic/regex-2023.8.8+computecanada-cp310-cp310-linux_x86_64.whl
Requirement already satisfied: requests in /cvmfs/soft.computecanada.ca/easybuild/software/2020/avx2/Core/scipy-stack/2023a/lib/python3.10/site-packages (from transformers->-r requirements.txt (line 4)) (2.28.2+computecanada)
Processing /cvmfs/soft.computecanada.ca/custom/python/wheelhouse/gentoo/generic/tokenizers-0.13.3+computecanada-cp310-cp310-linux_x86_64.whl
Requirement already satisfied: packaging>=20.0 in /cvmfs/soft.computecanada.ca/easybuild/software/2020/avx2/Core/ipykernel/2023a/lib/python3.10/site-packages (from transformers->-r requirements.txt (line 4)) (23.0+computecanada)
Requirement already satisfied: pyyaml>=5.1 in /cvmfs/soft.computecanada.ca/easybuild/software/2020/avx2/Core/scipy-stack/2023a/lib/python3.10/site-packages (from transformers->-r requirements.txt (line 4)) (6.0+computecanada)
Processing /cvmfs/soft.computecanada.ca/custom/python/wheelhouse/generic/fsspec-2023.9.0+computecanada-py3-none-any.whl
Requirement already satisfied: MarkupSafe>=2.0 in /cvmfs/soft.computecanada.ca/easybuild/software/2020/avx2/Core/scipy-stack/2023a/lib/python3.10/site-packages (from jinja2->torch->-r requirements.txt (line 2)) (2.1.2+computecanada)
Requirement already satisfied: charset-normalizer<4,>=2 in /cvmfs/soft.computecanada.ca/easybuild/software/2020/avx2/Core/scipy-stack/2023a/lib/python3.10/site-packages (from requests->transformers->-r requirements.txt (line 4)) (3.0.1+computecanada)
Requirement already satisfied: idna<4,>=2.5 in /cvmfs/soft.computecanada.ca/easybuild/software/2020/avx2/Core/scipy-stack/2023a/lib/python3.10/site-packages (from requests->transformers->-r requirements.txt (line 4)) (3.4+computecanada)
Requirement already satisfied: certifi>=2017.4.17 in /cvmfs/soft.computecanada.ca/easybuild/software/2020/avx2/Core/scipy-stack/2023a/lib/python3.10/site-packages (from requests->transformers->-r requirements.txt (line 4)) (2022.12.7+computecanada)
Requirement already satisfied: urllib3<1.27,>=1.21.1 in /cvmfs/soft.computecanada.ca/easybuild/software/2020/avx2/Core/scipy-stack/2023a/lib/python3.10/site-packages (from requests->transformers->-r requirements.txt (line 4)) (1.26.14+computecanada)
Requirement already satisfied: mpmath>=0.19 in /cvmfs/soft.computecanada.ca/easybuild/software/2020/avx2/Core/scipy-stack/2023a/lib/python3.10/site-packages (from sympy->torch->-r requirements.txt (line 2)) (1.2.1+computecanada)
Installing collected packages: tokenizers, safetensors, tqdm, threadpoolctl, regex, networkx, joblib, fsspec, filelock, torch, scikit-learn, huggingface-hub, transformers
Successfully installed filelock-3.12.0+computecanada fsspec-2023.9.0+computecanada huggingface-hub-0.16.4+computecanada joblib-1.3.2+computecanada networkx-3.1+computecanada regex-2023.8.8+computecanada safetensors-0.3.3+computecanada scikit-learn-1.3.0+computecanada threadpoolctl-3.2.0+computecanada tokenizers-0.13.3+computecanada torch-2.0.1+computecanada tqdm-4.66.1+computecanada transformers-4.31.0+computecanada
Package                            Version
---------------------------------- -----------------------
anyio                              3.6.2+computecanada
arff                               0.9+computecanada
argon2_cffi                        21.3.0+computecanada
argon2_cffi_bindings               21.2.0+computecanada
asttokens                          2.2.1+computecanada
async_generator                    1.10+computecanada
attrs                              22.2.0+computecanada
backcall                           0.2.0+computecanada
backports-abc                      0.5+computecanada
backports.shutil_get_terminal_size 1.0.0+computecanada
bcrypt                             4.0.1+computecanada
beautifulsoup4                     4.11.2+computecanada
bitstring                          4.0.1+computecanada
bleach                             6.0.0+computecanada
certifi                            2022.12.7+computecanada
cffi                               1.15.1+computecanada
chardet                            5.1.0+computecanada
charset_normalizer                 3.0.1+computecanada
comm                               0.1.2+computecanada
contourpy                          1.0.7+computecanada
cryptography                       39.0.1+computecanada
cycler                             0.11.0+computecanada
Cython                             0.29.33+computecanada
deap                               1.3.3+computecanada
debugpy                            1.6.6+computecanada
decorator                          5.1.1+computecanada
defusedxml                         0.7.1+computecanada
dnspython                          2.3.0+computecanada
ecdsa                              0.18.0+computecanada
entrypoints                        0.4+computecanada
executing                          1.2.0+computecanada
fastjsonschema                     2.16.2+computecanada
filelock                           3.12.0+computecanada
fonttools                          4.38.0+computecanada
fsspec                             2023.9.0+computecanada
funcsigs                           1.0.2+computecanada
huggingface_hub                    0.16.4+computecanada
idna                               3.4+computecanada
importlib_metadata                 5.2.0+computecanada
importlib_resources                5.12.0+computecanada
ipykernel                          6.21.2+computecanada
ipython                            8.10.0+computecanada
ipython_genutils                   0.2.0+computecanada
ipywidgets                         8.0.4+computecanada
jedi                               0.18.2+computecanada
Jinja2                             3.1.2+computecanada
joblib                             1.3.2+computecanada
jsonschema                         4.17.3+computecanada
jupyter_client                     8.0.3+computecanada
jupyter_core                       5.2.0+computecanada
jupyter_events                     0.6.3+computecanada
jupyter_server                     2.3.0+computecanada
jupyter_server_terminals           0.4.4+computecanada
jupyterlab_pygments                0.2.2+computecanada
jupyterlab_widgets                 3.0.5+computecanada
kiwisolver                         1.4.4+computecanada
lockfile                           0.12.2+computecanada
MarkupSafe                         2.1.2+computecanada
matplotlib                         3.7.0+computecanada
matplotlib_inline                  0.1.6+computecanada
mistune                            2.0.5+computecanada
mock                               5.0.1+computecanada
mpmath                             1.2.1+computecanada
nbclassic                          0.5.2+computecanada
nbclient                           0.7.2+computecanada
nbconvert                          7.2.9+computecanada
nbformat                           5.7.3+computecanada
nest_asyncio                       1.5.6+computecanada
netaddr                            0.8.0+computecanada
netifaces                          0.11.0+computecanada
networkx                           3.1+computecanada
nose                               1.3.7+computecanada
notebook                           6.5.2+computecanada
notebook_shim                      0.2.2+computecanada
numpy                              1.24.2+computecanada
packaging                          23.0+computecanada
pandas                             1.5.3+computecanada
pandocfilters                      1.5.0+computecanada
paramiko                           3.0.0+computecanada
parso                              0.8.3+computecanada
path                               16.6.0+computecanada
path.py                            12.5.0+computecanada
pathlib2                           2.3.7+computecanada
paycheck                           1.0.2+computecanada
pbr                                5.11.1+computecanada
pexpect                            4.8.0+computecanada
pickleshare                        0.7.5+computecanada
Pillow                             9.4.0+computecanada
pip                                23.0+computecanada
pkgutil_resolve_name               1.3.10+computecanada
platformdirs                       2.5.2+computecanada
prometheus_client                  0.16.0+computecanada
prompt_toolkit                     3.0.37+computecanada
psutil                             5.9.4+computecanada
ptyprocess                         0.7.0+computecanada
pure_eval                          0.2.2+computecanada
pycparser                          2.21+computecanada
Pygments                           2.14.0+computecanada
PyNaCl                             1.5.0+computecanada
pyparsing                          3.0.9+computecanada
pyrsistent                         0.19.3+computecanada
python-dateutil                    2.8.2+computecanada
python_json_logger                 2.0.7+computecanada
pytz                               2022.7.1+computecanada
PyYAML                             6.0+computecanada
pyzmq                              25.0.0+computecanada
regex                              2023.8.8+computecanada
requests                           2.28.2+computecanada
rfc3339_validator                  0.1.4+computecanada
rfc3986_validator                  0.1.1+computecanada
safetensors                        0.3.3+computecanada
scikit_learn                       1.3.0+computecanada
scipy                              1.10.1+computecanada
Send2Trash                         1.8.0+computecanada
setuptools                         68.0.0+computecanada
simplegeneric                      0.8.1+computecanada
singledispatch                     4.0.0+computecanada
six                                1.16.0+computecanada
sniffio                            1.3.0+computecanada
soupsieve                          2.4+computecanada
stack_data                         0.6.2+computecanada
sympy                              1.11.1+computecanada
terminado                          0.17.1+computecanada
testpath                           0.6.0+computecanada
threadpoolctl                      3.2.0+computecanada
tinycss2                           1.2.1+computecanada
tokenizers                         0.13.3+computecanada
torch                              2.0.1+computecanada
tornado                            6.2+computecanada
tqdm                               4.66.1+computecanada
traitlets                          5.9.0+computecanada
transformers                       4.31.0+computecanada
typing_extensions                  4.5.0+computecanada
urllib3                            1.26.14+computecanada
wcwidth                            0.2.6+computecanada
webencodings                       0.5.1+computecanada
websocket_client                   1.5.1+computecanada
wheel                              0.40.0+computecanada
widgetsnbextension                 4.0.5+computecanada
zipp                               3.14.0+computecanada
Data conversion to tensors...

Data conversion to tensors...

Data conversion to tensors...

[GPU0] Epoch 0 | Batchsize: 32 | Steps: 12501
[GPU2] Epoch 0 | Batchsize: 32 | Steps: 12501
[GPU1] Epoch 0 | Batchsize: 32 | Steps: 12501
[GPU0] Epoch 0 | Average loss: 2.8706310904843266
[GPU0] Epoch 0 | Average loss: 2.8622339087627897
[GPU0] Epoch 0 | Average loss: 2.868448172695264
  Validation Loss: 1.2223
  Validation Loss: 1.2223
  Validation Loss: 1.2223
Epoch 0 | Training checkpoint saved at /home/daril/scratch/data/trajcbert/models/model_saved_parallel_version_full_multinode/checkpoints/snapshot.pt
Epoch 0 | Best validation loss: 1.222349595045168
Epoch 0 | Training checkpoint saved at /home/daril/scratch/data/trajcbert/models/model_saved_parallel_version_full_multinode/checkpoints/snapshot.pt
Epoch 0 | Best validation loss: 1.222349595045168
Epoch 0 | Training checkpoint saved at /home/daril/scratch/data/trajcbert/models/model_saved_parallel_version_full_multinode/checkpoints/snapshot.pt
Epoch 0 | Best validation loss: 1.222349595045168
[GPU0] Epoch 1 | Batchsize: 32 | Steps: 12501
[GPU2] Epoch 1 | Batchsize: 32 | Steps: 12501
[GPU1] Epoch 1 | Batchsize: 32 | Steps: 12501
[GPU0] Epoch 1 | Average loss: 1.140707628856744
[GPU0] Epoch 1 | Average loss: 1.1308003140568885
[GPU0] Epoch 1 | Average loss: 1.1294364426486179
  Validation Loss: 0.8923
  Validation Loss: 0.8923
  Validation Loss: 0.8923
Epoch 1 | Training checkpoint saved at /home/daril/scratch/data/trajcbert/models/model_saved_parallel_version_full_multinode/checkpoints/snapshot.pt
Epoch 1 | Best validation loss: 0.89227031881514
Epoch 1 | Training checkpoint saved at /home/daril/scratch/data/trajcbert/models/model_saved_parallel_version_full_multinode/checkpoints/snapshot.pt
Epoch 1 | Best validation loss: 0.89227031881514
Epoch 1 | Training checkpoint saved at /home/daril/scratch/data/trajcbert/models/model_saved_parallel_version_full_multinode/checkpoints/snapshot.pt
Epoch 1 | Best validation loss: 0.89227031881514
[GPU0] Epoch 2 | Batchsize: 32 | Steps: 12501
[GPU1] Epoch 2 | Batchsize: 32 | Steps: 12501
[GPU2] Epoch 2 | Batchsize: 32 | Steps: 12501
[GPU0] Epoch 2 | Average loss: 0.8136911201319469
[GPU0] Epoch 2 | Average loss: 0.8168035560539271
[GPU0] Epoch 2 | Average loss: 0.8203943252799492
  Validation Loss: 0.7635
  Validation Loss: 0.7635
  Validation Loss: 0.7635
Epoch 2 | Training checkpoint saved at /home/daril/scratch/data/trajcbert/models/model_saved_parallel_version_full_multinode/checkpoints/snapshot.pt
Epoch 2 | Best validation loss: 0.7634528563113158
Epoch 2 | Training checkpoint saved at /home/daril/scratch/data/trajcbert/models/model_saved_parallel_version_full_multinode/checkpoints/snapshot.pt
Epoch 2 | Best validation loss: 0.7634528563113158
Epoch 2 | Training checkpoint saved at /home/daril/scratch/data/trajcbert/models/model_saved_parallel_version_full_multinode/checkpoints/snapshot.pt
Epoch 2 | Best validation loss: 0.7634528563113158
[GPU0] Epoch 3 | Batchsize: 32 | Steps: 12501
[GPU2] Epoch 3 | Batchsize: 32 | Steps: 12501
[GPU1] Epoch 3 | Batchsize: 32 | Steps: 12501
[GPU0] Epoch 3 | Average loss: 0.6895486240752524
[GPU0] Epoch 3 | Average loss: 0.6868641011183877
[GPU0] Epoch 3 | Average loss: 0.6928604588528823
  Validation Loss: 0.6986
  Validation Loss: 0.6986
  Validation Loss: 0.6986
Epoch 3 | Training checkpoint saved at /home/daril/scratch/data/trajcbert/models/model_saved_parallel_version_full_multinode/checkpoints/snapshot.pt
Epoch 3 | Best validation loss: 0.6986273196473349
Epoch 3 | Training checkpoint saved at /home/daril/scratch/data/trajcbert/models/model_saved_parallel_version_full_multinode/checkpoints/snapshot.pt
Epoch 3 | Best validation loss: 0.6986273196473349
Epoch 3 | Training checkpoint saved at /home/daril/scratch/data/trajcbert/models/model_saved_parallel_version_full_multinode/checkpoints/snapshot.pt
Epoch 3 | Best validation loss: 0.6986273196473349
[GPU0] Epoch 4 | Batchsize: 32 | Steps: 12501
[GPU1] Epoch 4 | Batchsize: 32 | Steps: 12501
[GPU2] Epoch 4 | Batchsize: 32 | Steps: 12501
[GPU0] Epoch 4 | Average loss: 0.6138833347693385
[GPU0] Epoch 4 | Average loss: 0.6138388365700825
[GPU0] Epoch 4 | Average loss: 0.6114223626247883
  Validation Loss: 0.6631
  Validation Loss: 0.6631
  Validation Loss: 0.6631
Epoch 4 | Training checkpoint saved at /home/daril/scratch/data/trajcbert/models/model_saved_parallel_version_full_multinode/checkpoints/snapshot.pt
Epoch 4 | Best validation loss: 0.6631494226742769
Epoch 4 | Training checkpoint saved at /home/daril/scratch/data/trajcbert/models/model_saved_parallel_version_full_multinode/checkpoints/snapshot.pt
Epoch 4 | Best validation loss: 0.6631494226742769
Epoch 4 | Training checkpoint saved at /home/daril/scratch/data/trajcbert/models/model_saved_parallel_version_full_multinode/checkpoints/snapshot.pt
Epoch 4 | Best validation loss: 0.6631494226742769
[GPU0] Epoch 5 | Batchsize: 32 | Steps: 12501
[GPU1] Epoch 5 | Batchsize: 32 | Steps: 12501
[GPU2] Epoch 5 | Batchsize: 32 | Steps: 12501
[GPU0] Epoch 5 | Average loss: 0.5564242862275234
[GPU0] Epoch 5 | Average loss: 0.556502941563462
[GPU0] Epoch 5 | Average loss: 0.5593228581379427
  Validation Loss: 0.6424
  Validation Loss: 0.6424
  Validation Loss: 0.6424
Epoch 5 | Training checkpoint saved at /home/daril/scratch/data/trajcbert/models/model_saved_parallel_version_full_multinode/checkpoints/snapshot.pt
Epoch 5 | Best validation loss: 0.6423917506073401
Epoch 5 | Training checkpoint saved at /home/daril/scratch/data/trajcbert/models/model_saved_parallel_version_full_multinode/checkpoints/snapshot.pt
Epoch 5 | Best validation loss: 0.6423917506073401
Epoch 5 | Training checkpoint saved at /home/daril/scratch/data/trajcbert/models/model_saved_parallel_version_full_multinode/checkpoints/snapshot.pt
Epoch 5 | Best validation loss: 0.6423917506073401
[GPU0] Epoch 6 | Batchsize: 32 | Steps: 12501
[GPU1] Epoch 6 | Batchsize: 32 | Steps: 12501
[GPU2] Epoch 6 | Batchsize: 32 | Steps: 12501
[GPU0] Epoch 6 | Average loss: 0.5126277229209064
[GPU0] Epoch 6 | Average loss: 0.5157487219818334
[GPU0] Epoch 6 | Average loss: 0.5113967127043689
  Validation Loss: 0.6275
  Validation Loss: 0.6275
  Validation Loss: 0.6275
Epoch 6 | Training checkpoint saved at /home/daril/scratch/data/trajcbert/models/model_saved_parallel_version_full_multinode/checkpoints/snapshot.pt
Epoch 6 | Best validation loss: 0.6275258645476098
Epoch 6 | Training checkpoint saved at /home/daril/scratch/data/trajcbert/models/model_saved_parallel_version_full_multinode/checkpoints/snapshot.pt
Epoch 6 | Best validation loss: 0.6275258645476098
Epoch 6 | Training checkpoint saved at /home/daril/scratch/data/trajcbert/models/model_saved_parallel_version_full_multinode/checkpoints/snapshot.pt
Epoch 6 | Best validation loss: 0.6275258645476098
[GPU0] Epoch 7 | Batchsize: 32 | Steps: 12501
[GPU1] Epoch 7 | Batchsize: 32 | Steps: 12501
[GPU2] Epoch 7 | Batchsize: 32 | Steps: 12501
[GPU0] Epoch 7 | Average loss: 0.4741723627947481
[GPU0] Epoch 7 | Average loss: 0.4741651703722095
[GPU0] Epoch 7 | Average loss: 0.48012064938442334
  Validation Loss: 0.6215
  Validation Loss: 0.6215
  Validation Loss: 0.6215
Epoch 7 | Training checkpoint saved at /home/daril/scratch/data/trajcbert/models/model_saved_parallel_version_full_multinode/checkpoints/snapshot.pt
Epoch 7 | Best validation loss: 0.6214627381803064
Epoch 7 | Training checkpoint saved at /home/daril/scratch/data/trajcbert/models/model_saved_parallel_version_full_multinode/checkpoints/snapshot.pt
Epoch 7 | Best validation loss: 0.6214627381803064
Epoch 7 | Training checkpoint saved at /home/daril/scratch/data/trajcbert/models/model_saved_parallel_version_full_multinode/checkpoints/snapshot.pt
Epoch 7 | Best validation loss: 0.6214627381803064
[GPU0] Epoch 8 | Batchsize: 32 | Steps: 12501
[GPU1] Epoch 8 | Batchsize: 32 | Steps: 12501
[GPU2] Epoch 8 | Batchsize: 32 | Steps: 12501
[GPU0] Epoch 8 | Average loss: 0.44426887441250995
[GPU0] Epoch 8 | Average loss: 0.4443679865622209
[GPU0] Epoch 8 | Average loss: 0.4418869494307724
  Validation Loss: 0.6197
  Validation Loss: 0.6197
  Validation Loss: 0.6197
Epoch 8 | Training checkpoint saved at /home/daril/scratch/data/trajcbert/models/model_saved_parallel_version_full_multinode/checkpoints/snapshot.pt
Epoch 8 | Best validation loss: 0.6197154843584793
Epoch 8 | Training checkpoint saved at /home/daril/scratch/data/trajcbert/models/model_saved_parallel_version_full_multinode/checkpoints/snapshot.pt
Epoch 8 | Best validation loss: 0.6197154843584793
Epoch 8 | Training checkpoint saved at /home/daril/scratch/data/trajcbert/models/model_saved_parallel_version_full_multinode/checkpoints/snapshot.pt
Epoch 8 | Best validation loss: 0.6197154843584793
[GPU0] Epoch 9 | Batchsize: 32 | Steps: 12501
[GPU1] Epoch 9 | Batchsize: 32 | Steps: 12501
[GPU2] Epoch 9 | Batchsize: 32 | Steps: 12501
[GPU0] Epoch 9 | Average loss: 0.4136870538833885
[GPU0] Epoch 9 | Average loss: 0.4169786393114371
[GPU0] Epoch 9 | Average loss: 0.41272412733873
  Validation Loss: 0.6170
  Validation Loss: 0.6170
  Validation Loss: 0.6170
Epoch 9 | Training checkpoint saved at /home/daril/scratch/data/trajcbert/models/model_saved_parallel_version_full_multinode/checkpoints/snapshot.pt
Epoch 9 | Best validation loss: 0.6170412107796114
Epoch 9 | Training checkpoint saved at /home/daril/scratch/data/trajcbert/models/model_saved_parallel_version_full_multinode/checkpoints/snapshot.pt
Epoch 9 | Best validation loss: 0.6170412107796114
Epoch 9 | Training checkpoint saved at /home/daril/scratch/data/trajcbert/models/model_saved_parallel_version_full_multinode/checkpoints/snapshot.pt
Epoch 9 | Best validation loss: 0.6170412107796114
[GPU0] Epoch 10 | Batchsize: 32 | Steps: 12501
[GPU2] Epoch 10 | Batchsize: 32 | Steps: 12501
[GPU1] Epoch 10 | Batchsize: 32 | Steps: 12501
[GPU0] Epoch 10 | Average loss: 0.38851123880667976
[GPU0] Epoch 10 | Average loss: 0.3859993897787598
[GPU0] Epoch 10 | Average loss: 0.387731514141916
  Validation Loss: 0.6239
  Validation Loss: 0.6239
  Validation Loss: 0.6239
[GPU0] Epoch 11 | Batchsize: 32 | Steps: 12501
[GPU1] Epoch 11 | Batchsize: 32 | Steps: 12501
[GPU2] Epoch 11 | Batchsize: 32 | Steps: 12501
[GPU0] Epoch 11 | Average loss: 0.36002019741464786
[GPU0] Epoch 11 | Average loss: 0.36517661107536714
[GPU0] Epoch 11 | Average loss: 0.3637237784030099
  Validation Loss: 0.6277
  Validation Loss: 0.6277
  Validation Loss: 0.6277
[GPU0] Epoch 12 | Batchsize: 32 | Steps: 12501
[GPU2] Epoch 12 | Batchsize: 32 | Steps: 12501
[GPU1] Epoch 12 | Batchsize: 32 | Steps: 12501
[GPU0] Epoch 12 | Average loss: 0.33989670524327015
[GPU0] Epoch 12 | Average loss: 0.3389114092245165
[GPU0] Epoch 12 | Average loss: 0.34024766291333824
  Validation Loss: 0.6364
  Validation Loss: 0.6364
  Validation Loss: 0.6364
[GPU0] Epoch 13 | Batchsize: 32 | Steps: 12501
[GPU2] Epoch 13 | Batchsize: 32 | Steps: 12501
[GPU1] Epoch 13 | Batchsize: 32 | Steps: 12501
[GPU0] Epoch 13 | Average loss: 0.32147646197180074
[GPU0] Epoch 13 | Average loss: 0.3195009248317928
[GPU0] Epoch 13 | Average loss: 0.31787822223334383
  Validation Loss: 0.6391
  Validation Loss: 0.6391
  Validation Loss: 0.6391
[GPU0] Epoch 14 | Batchsize: 32 | Steps: 12501
[GPU1] Epoch 14 | Batchsize: 32 | Steps: 12501
[GPU2] Epoch 14 | Batchsize: 32 | Steps: 12501
[GPU0] Epoch 14 | Average loss: 0.298489386710783
[GPU0] Epoch 14 | Average loss: 0.3016068945156747
[GPU0] Epoch 14 | Average loss: 0.3022142119289074
  Validation Loss: 0.6473
  Validation Loss: 0.6473
  Validation Loss: 0.6473
[GPU0] Epoch 15 | Batchsize: 32 | Steps: 12501
[GPU1] Epoch 15 | Batchsize: 32 | Steps: 12501
[GPU2] Epoch 15 | Batchsize: 32 | Steps: 12501
[GPU0] Epoch 15 | Average loss: 0.2832753825578867
[GPU0] Epoch 15 | Average loss: 0.2862396420625322
[GPU0] Epoch 15 | Average loss: 0.28400726246297164
  Validation Loss: 0.6556
  Validation Loss: 0.6556
  Validation Loss: 0.6556
[GPU0] Epoch 16 | Batchsize: 32 | Steps: 12501
[GPU1] Epoch 16 | Batchsize: 32 | Steps: 12501
[GPU2] Epoch 16 | Batchsize: 32 | Steps: 12501
[GPU0] Epoch 16 | Average loss: 0.2701146246515391
[GPU0] Epoch 16 | Average loss: 0.26938892591635294
[GPU0] Epoch 16 | Average loss: 0.27066320881563993
  Validation Loss: 0.6609
  Validation Loss: 0.6609
  Validation Loss: 0.6609
[GPU0] Epoch 17 | Batchsize: 32 | Steps: 12501
[GPU1] Epoch 17 | Batchsize: 32 | Steps: 12501
[GPU2] Epoch 17 | Batchsize: 32 | Steps: 12501
[GPU0] Epoch 17 | Average loss: 0.25741349368838706
[GPU0] Epoch 17 | Average loss: 0.25903447481546793
[GPU0] Epoch 17 | Average loss: 0.2564633028737741
  Validation Loss: 0.6681
  Validation Loss: 0.6681
  Validation Loss: 0.6681
[GPU0] Epoch 18 | Batchsize: 32 | Steps: 12501
[GPU1] Epoch 18 | Batchsize: 32 | Steps: 12501
[GPU2] Epoch 18 | Batchsize: 32 | Steps: 12501
[GPU0] Epoch 18 | Average loss: 0.2449637751756779
[GPU0] Epoch 18 | Average loss: 0.24852912111320932
[GPU0] Epoch 18 | Average loss: 0.24959705868683313
  Validation Loss: 0.6728
  Validation Loss: 0.6728
  Validation Loss: 0.6728
[GPU0] Epoch 19 | Batchsize: 32 | Steps: 12501
[GPU2] Epoch 19 | Batchsize: 32 | Steps: 12501
[GPU1] Epoch 19 | Batchsize: 32 | Steps: 12501
[GPU0] Epoch 19 | Average loss: 0.239891637173216
[GPU0] Epoch 19 | Average loss: 0.24127322702691925
[GPU0] Epoch 19 | Average loss: 0.23891656501812442
  Validation Loss: 0.6750
  Validation Loss: 0.6750
  Validation Loss: 0.6750
